#
# There is insufficient memory for the Java Runtime Environment to continue.
# Native memory allocation (mmap) failed to map 134217728 bytes for Failed to commit area from 0x00000000d1200000 to 0x00000000d9200000 of length 134217728.
# Possible reasons:
#   The system is out of physical RAM or swap space
#   The process is running with CompressedOops enabled, and the Java Heap may be blocking the growth of the native heap
# Possible solutions:
#   Reduce memory load on the system
#   Increase physical memory or swap space
#   Check if swap backing store is full
#   Decrease Java heap size (-Xmx/-Xms)
#   Decrease number of Java threads
#   Decrease Java thread stack sizes (-Xss)
#   Set larger code cache with -XX:ReservedCodeCacheSize=
# This output file may be truncated or incomplete.
#
#  Out of Memory Error (./src/hotspot/os/windows/os_windows.cpp:3619), pid=17784, tid=15676
#
# JRE version:  (11.0.13+7) (build )
# Java VM: OpenJDK 64-Bit Server VM (11.0.13+7-b1751.19, mixed mode, sharing, tiered, compressed oops, g1 gc, windows-amd64)
# No core dump will be written. Minidumps are not enabled by default on client versions of Windows
#

---------------  S U M M A R Y ------------

Command Line: -Djava.rmi.server.hostname=127.0.0.1 -Duser.timezone=UTC -Xmx750m -Xms128m -Dfile.encoding=UTF-8 com.intellij.database.remote.RemoteJdbcServer com.mysql.cj.jdbc.Driver

Host: Intel(R) Core(TM) i5-7300HQ CPU @ 2.50GHz, 4 cores, 19G,  Windows 10 , 64 bit Build 19041 (10.0.19041.1503)
Time: Sat Feb 19 07:58:24 2022 RTZ 2 (зима) elapsed time: 0.013366 seconds (0d 0h 0m 0s)

---------------  T H R E A D  ---------------

Current thread (0x000001a20f5b7000):  JavaThread "Unknown thread" [_thread_in_vm, id=15676, stack(0x00000019d9e00000,0x00000019d9f00000)]

Stack: [0x00000019d9e00000,0x00000019d9f00000]
Native frames: (J=compiled Java code, j=interpreted, Vv=VM code, C=native code)
V  [jvm.dll+0x613ada]
V  [jvm.dll+0x799a80]
V  [jvm.dll+0x79b09d]
V  [jvm.dll+0x79b773]
V  [jvm.dll+0x24c4c8]
V  [jvm.dll+0x610b64]
V  [jvm.dll+0x605855]
V  [jvm.dll+0x30aaeb]
V  [jvm.dll+0x30aa5a]
V  [jvm.dll+0x30a932]
V  [jvm.dll+0x30f896]
V  [jvm.dll+0x359293]
V  [jvm.dll+0x359996]
V  [jvm.dll+0x359393]
V  [jvm.dll+0x2e5308]
V  [jvm.dll+0x2e64b7]
V  [jvm.dll+0x7769c7]
V  [jvm.dll+0x7781bc]
V  [jvm.dll+0x366829]
V  [jvm.dll+0x75a52e]
V  [jvm.dll+0x3d4923]
V  [jvm.dll+0x3d6e91]
C  [jli.dll+0x536b]
C  [ucrtbase.dll+0x21bb2]
C  [KERNEL32.DLL+0x17034]
C  [ntdll.dll+0x52651]


---------------  P R O C E S S  ---------------

Threads class SMR info:
_java_thread_list=0x000001a20f3814a0, length=0, elements={
}

Java Threads: ( => current thread )

Other Threads:
  0x000001a20f5cf800 GCTaskThread "GC Thread#0" [stack: 0x00000019d9f00000,0x00000019da000000] [id=18184]
  0x000001a20f5e9000 ConcurrentGCThread "G1 Main Marker" [stack: 0x00000019da000000,0x00000019da100000] [id=16696]
  0x000001a20f5ea800 ConcurrentGCThread "G1 Conc#0" [stack: 0x00000019da100000,0x00000019da200000] [id=7968]

[error occurred during error reporting (printing all threads), id 0xc0000005, EXCEPTION_ACCESS_VIOLATION (0xc0000005) at pc=0x00007ffdad465b77]

VM state:not at safepoint (not fully initialized)

VM Mutex/Monitor currently owned by a thread:  ([mutex/lock_event])
[0x000001a20f5b4020] Heap_lock - owner thread: 0x000001a20f5b7000

Heap address: 0x00000000d1200000, size: 750 MB, Compressed Oops mode: Non-zero based: 0x00000000d1200000
Narrow klass base: 0x0000000000000000, Narrow klass shift: 0

GC Heap History (0 events):
No events

Deoptimization events (0 events):
No events

Classes redefined (0 events):
No events

Internal exceptions (0 events):
No events

Events (1 events):
Event: 0.009 Loaded shared library C:\Program Files\JetBrains\IntelliJ IDEA 2021.3\jbr\bin\zip.dll


Dynamic libraries:
0x00007ff6db2c0000 - 0x00007ff6db2ca000 	C:\Program Files\JetBrains\IntelliJ IDEA 2021.3\jbr\bin\java.exe
0x00007ffde91b0000 - 0x00007ffde93a5000 	C:\WINDOWS\SYSTEM32\ntdll.dll
0x00007ffde85d0000 - 0x00007ffde868e000 	C:\WINDOWS\System32\KERNEL32.DLL
0x00007ffde6c00000 - 0x00007ffde6ec8000 	C:\WINDOWS\System32\KERNELBASE.dll
0x00007ffde6f70000 - 0x00007ffde7070000 	C:\WINDOWS\System32\ucrtbase.dll
0x00007ffdb5900000 - 0x00007ffdb5919000 	C:\Program Files\JetBrains\IntelliJ IDEA 2021.3\jbr\bin\jli.dll
0x00007ffdb64c0000 - 0x00007ffdb64d7000 	C:\Program Files\JetBrains\IntelliJ IDEA 2021.3\jbr\bin\VCRUNTIME140.dll
0x00007ffde7210000 - 0x00007ffde73b0000 	C:\WINDOWS\System32\USER32.dll
0x00007ffde6b60000 - 0x00007ffde6b82000 	C:\WINDOWS\System32\win32u.dll
0x00007ffdcfed0000 - 0x00007ffdd016a000 	C:\WINDOWS\WinSxS\amd64_microsoft.windows.common-controls_6595b64144ccf1df_6.0.19041.1110_none_60b5254171f9507e\COMCTL32.dll
0x00007ffde8e20000 - 0x00007ffde8e4b000 	C:\WINDOWS\System32\GDI32.dll
0x00007ffde8b80000 - 0x00007ffde8c1e000 	C:\WINDOWS\System32\msvcrt.dll
0x00007ffde70f0000 - 0x00007ffde71fd000 	C:\WINDOWS\System32\gdi32full.dll
0x00007ffde6ed0000 - 0x00007ffde6f6d000 	C:\WINDOWS\System32\msvcp_win.dll
0x00007ffde7560000 - 0x00007ffde7590000 	C:\WINDOWS\System32\IMM32.DLL
0x00007ffda7bd0000 - 0x00007ffda7c6d000 	C:\Program Files\JetBrains\IntelliJ IDEA 2021.3\jbr\bin\msvcp140.dll
0x00007ffdad170000 - 0x00007ffdadce6000 	C:\Program Files\JetBrains\IntelliJ IDEA 2021.3\jbr\bin\server\jvm.dll
0x00007ffde7bf0000 - 0x00007ffde7c9e000 	C:\WINDOWS\System32\ADVAPI32.dll
0x00007ffde8f50000 - 0x00007ffde8fec000 	C:\WINDOWS\System32\sechost.dll
0x00007ffde84a0000 - 0x00007ffde85c5000 	C:\WINDOWS\System32\RPCRT4.dll
0x00007ffde7200000 - 0x00007ffde7208000 	C:\WINDOWS\System32\PSAPI.DLL
0x00007ffdcf5a0000 - 0x00007ffdcf5a9000 	C:\WINDOWS\SYSTEM32\WSOCK32.dll
0x00007ffdcf220000 - 0x00007ffdcf247000 	C:\WINDOWS\SYSTEM32\WINMM.dll
0x00007ffdddbb0000 - 0x00007ffdddbba000 	C:\WINDOWS\SYSTEM32\VERSION.dll
0x00007ffde7680000 - 0x00007ffde76eb000 	C:\WINDOWS\System32\WS2_32.dll
0x00007ffde5150000 - 0x00007ffde5162000 	C:\WINDOWS\SYSTEM32\kernel.appcore.dll
0x00007ffde1530000 - 0x00007ffde1541000 	C:\Program Files\JetBrains\IntelliJ IDEA 2021.3\jbr\bin\verify.dll
0x00007ffde4e00000 - 0x00007ffde4fe4000 	C:\WINDOWS\SYSTEM32\DBGHELP.DLL
0x00007ffdcb750000 - 0x00007ffdcb77c000 	C:\WINDOWS\SYSTEM32\dbgcore.DLL
0x00007ffde6a20000 - 0x00007ffde6aa2000 	C:\WINDOWS\System32\bcryptPrimitives.dll
0x00007ffde1500000 - 0x00007ffde1529000 	C:\Program Files\JetBrains\IntelliJ IDEA 2021.3\jbr\bin\java.dll
0x00007ffde14f0000 - 0x00007ffde14fb000 	C:\Program Files\JetBrains\IntelliJ IDEA 2021.3\jbr\bin\jimage.dll
0x00007ffde0380000 - 0x00007ffde0398000 	C:\Program Files\JetBrains\IntelliJ IDEA 2021.3\jbr\bin\zip.dll

dbghelp: loaded successfully - version: 4.0.5 - missing functions: none
symbol engine: initialized successfully - sym options: 0x614 - pdb path: .;C:\Program Files\JetBrains\IntelliJ IDEA 2021.3\jbr\bin;C:\WINDOWS\SYSTEM32;C:\WINDOWS\WinSxS\amd64_microsoft.windows.common-controls_6595b64144ccf1df_6.0.19041.1110_none_60b5254171f9507e;C:\Program Files\JetBrains\IntelliJ IDEA 2021.3\jbr\bin\server

VM Arguments:
jvm_args: -Djava.rmi.server.hostname=127.0.0.1 -Duser.timezone=UTC -Xmx750m -Xms128m -Dfile.encoding=UTF-8 
java_command: com.intellij.database.remote.RemoteJdbcServer com.mysql.cj.jdbc.Driver
java_class_path (initial): C:\Program Files\JetBrains\IntelliJ IDEA 2021.3\lib\util.jar;C:\Program Files\JetBrains\IntelliJ IDEA 2021.3\lib\org_codehaus_groovy_groovy.jar;C:\Program Files\JetBrains\IntelliJ IDEA 2021.3\plugins\DatabaseTools\lib\jdbc-console.jar;C:\Users\Dell\AppData\Roaming\JetBrains\IntelliJIdea2021.3\jdbc-drivers\MySQL ConnectorJ\8.0.25\mysql-connector-java-8.0.25.jar
Launcher Type: SUN_STANDARD

[Global flags]
     intx CICompilerCount                          = 3                                         {product} {ergonomic}
     uint ConcGCThreads                            = 1                                         {product} {ergonomic}
     uint G1ConcRefinementThreads                  = 4                                         {product} {ergonomic}
   size_t G1HeapRegionSize                         = 1048576                                   {product} {ergonomic}
    uintx GCDrainStackTargetSize                   = 64                                        {product} {ergonomic}
   size_t InitialHeapSize                          = 134217728                                 {product} {command line}
   size_t MarkStackSize                            = 4194304                                   {product} {ergonomic}
   size_t MaxHeapSize                              = 786432000                                 {product} {command line}
   size_t MinHeapDeltaBytes                        = 1048576                                   {product} {ergonomic}
    uintx NonNMethodCodeHeapSize                   = 5830732                                {pd product} {ergonomic}
    uintx NonProfiledCodeHeapSize                  = 122913754                              {pd product} {ergonomic}
    uintx ProfiledCodeHeapSize                     = 122913754                              {pd product} {ergonomic}
    uintx ReservedCodeCacheSize                    = 251658240                              {pd product} {ergonomic}
     bool SegmentedCodeCache                       = true                                      {product} {ergonomic}
     bool UseCompressedClassPointers               = true                                 {lp64_product} {ergonomic}
     bool UseCompressedOops                        = true                                 {lp64_product} {ergonomic}
     bool UseG1GC                                  = true                                      {product} {ergonomic}
     bool UseLargePagesIndividualAllocation        = false                                  {pd product} {ergonomic}

Logging:
Log output configuration:
 #0: stdout all=warning uptime,level,tags
 #1: stderr all=off uptime,level,tags

Environment Variables:
JAVA_HOME=C:\Program Files\Java\jdk-17.0.1
PATH=C:\Program Files\Common Files\Oracle\Java\javapath;C:\Program Files (x86)\Common Files\Intel\Shared Libraries\redist\intel64\compiler;C:\WINDOWS\system32;C:\WINDOWS;C:\WINDOWS\System32\Wbem;C:\WINDOWS\System32\WindowsPowerShell\v1.0\;C:\WINDOWS\System32\OpenSSH\;C:\Program Files\Java\jdk-17.0.1\bin;C:\Program Files\Git\cmd;C:\Program Files\Docker\Docker\resources\bin;C:\ProgramData\DockerDesktop\version-bin;C:\Program Files\PuTTY\;C:\Program Files\MySQL\MySQL Shell 8.0\bin\;C:\Users\Dell\AppData\Local\Microsoft\WindowsApps;C:\Users\Dell\dos2unix-7.4.2-win64\bin
USERNAME=Dell
OS=Windows_NT
PROCESSOR_IDENTIFIER=Intel64 Family 6 Model 158 Stepping 9, GenuineIntel



---------------  S Y S T E M  ---------------

OS: Windows 10 , 64 bit Build 19041 (10.0.19041.1503)
OS uptime: 2 days 23:06 hours
Hyper-V role detected

CPU:total 4 (initial active 4) (4 cores per cpu, 1 threads per core) family 6 model 158 stepping 9 microcode 0xb4, cmov, cx8, fxsr, mmx, sse, sse2, sse3, ssse3, sse4.1, sse4.2, popcnt, avx, avx2, aes, clmul, erms, 3dnowpref, lzcnt, tsc, tscinvbit, bmi1, bmi2, adx, fma

Memory: 4k page, system-wide physical 20346M (4473M free)
TotalPageFile size 21146M (AvailPageFile size 77M)
current process WorkingSet (physical memory assigned to process): 9M, peak: 9M
current process commit charge ("private bytes"): 51M, peak: 179M

vm_info: OpenJDK 64-Bit Server VM (11.0.13+7-b1751.19) for windows-amd64 JRE (11.0.13+7-b1751.19), built on Nov  9 2021 11:31:28 by "" with MS VC++ 14.0 (VS2015)

END.
