#
# There is insufficient memory for the Java Runtime Environment to continue.
# Native memory allocation (mmap) failed to map 65536 bytes for Failed to commit metaspace.
# Possible reasons:
#   The system is out of physical RAM or swap space
#   The process is running with CompressedOops enabled, and the Java Heap may be blocking the growth of the native heap
# Possible solutions:
#   Reduce memory load on the system
#   Increase physical memory or swap space
#   Check if swap backing store is full
#   Decrease Java heap size (-Xmx/-Xms)
#   Decrease number of Java threads
#   Decrease Java thread stack sizes (-Xss)
#   Set larger code cache with -XX:ReservedCodeCacheSize=
#   JVM is running with Zero Based Compressed Oops mode in which the Java heap is
#     placed in the first 32GB address space. The Java Heap base address is the
#     maximum limit for the native heap growth. Please use -XX:HeapBaseMinAddress
#     to set the Java Heap base and to place the Java Heap above 32GB virtual address.
# This output file may be truncated or incomplete.
#
#  Out of Memory Error (virtualSpaceNode.cpp:110), pid=12044, tid=14716
#
# JRE version: Java(TM) SE Runtime Environment (17.0.1+12) (build 17.0.1+12-LTS-39)
# Java VM: Java HotSpot(TM) 64-Bit Server VM (17.0.1+12-LTS-39, mixed mode, emulated-client, sharing, tiered, compressed oops, compressed class ptrs, g1 gc, windows-amd64)
# No core dump will be written. Minidumps are not enabled by default on client versions of Windows
#

---------------  S U M M A R Y ------------

Command Line: -XX:TieredStopAtLevel=1 -Xverify:none -Dspring.output.ansi.enabled=always -javaagent:C:\Program Files\JetBrains\IntelliJ IDEA 2021.3\lib\idea_rt.jar=53553:C:\Program Files\JetBrains\IntelliJ IDEA 2021.3\bin -Dcom.sun.management.jmxremote -Dspring.jmx.enabled=true -Dspring.liveBeansView.mbeanDomain -Dspring.application.admin.enabled=true -Dfile.encoding=UTF-8 com.vladgoncharov.dtr_sb.DtrSpringBootApplication

Host: Intel(R) Core(TM) i5-7300HQ CPU @ 2.50GHz, 4 cores, 19G,  Windows 10 , 64 bit Build 19041 (10.0.19041.1348)
Time: Sat Jan 15 11:19:56 2022 RTZ 2 (s 10 , 64 bit Build 19041 (10.0.19041.1348) elapsed time: 0.984210 seconds (0d 0h 0m 0s)

---------------  T H R E A D  ---------------

Current thread (0x0000016c05402100):  JavaThread "background-preinit" [_thread_in_vm, id=14716, stack(0x000000560a200000,0x000000560a300000)]

Stack: [0x000000560a200000,0x000000560a300000]
Native frames: (J=compiled Java code, j=interpreted, Vv=VM code, C=native code)
V  [jvm.dll+0x66fa1a]
V  [jvm.dll+0x7ce5a4]
V  [jvm.dll+0x7cfd4e]
V  [jvm.dll+0x7d03b3]
V  [jvm.dll+0x242b05]
V  [jvm.dll+0x7ca54b]
V  [jvm.dll+0x615b76]
V  [jvm.dll+0x1be19e]
V  [jvm.dll+0x6184b1]
V  [jvm.dll+0x616516]
V  [jvm.dll+0x2370cf]
V  [jvm.dll+0x620145]
V  [jvm.dll+0x1e7dcb]
V  [jvm.dll+0x1e8305]
V  [jvm.dll+0x1e8d3f]
V  [jvm.dll+0x1de1f1]
V  [jvm.dll+0x537690]
V  [jvm.dll+0x7496c8]
V  [jvm.dll+0x7497b4]
V  [jvm.dll+0x408995]
V  [jvm.dll+0x40e9e8]
C  [java.dll+0x17ec]

Java frames: (J=compiled Java code, j=interpreted, Vv=VM code)
J 1191  java.lang.ClassLoader.defineClass1(Ljava/lang/ClassLoader;Ljava/lang/String;[BIILjava/security/ProtectionDomain;Ljava/lang/String;)Ljava/lang/Class; java.base@17.0.1 (0 bytes) @ 0x0000016c735af363 [0x0000016c735af2a0+0x00000000000000c3]
J 1225 c1 java.lang.ClassLoader.defineClass(Ljava/lang/String;[BIILjava/security/ProtectionDomain;)Ljava/lang/Class; java.base@17.0.1 (43 bytes) @ 0x0000016c735bf46c [0x0000016c735bf360+0x000000000000010c]
J 1214 c1 jdk.internal.loader.BuiltinClassLoader.defineClass(Ljava/lang/String;Ljdk/internal/loader/Resource;)Ljava/lang/Class; java.base@17.0.1 (121 bytes) @ 0x0000016c735bb574 [0x0000016c735bb0a0+0x00000000000004d4]
J 1193 c1 jdk.internal.loader.BuiltinClassLoader.findClassOnClassPathOrNull(Ljava/lang/String;)Ljava/lang/Class; java.base@17.0.1 (64 bytes) @ 0x0000016c735b10c4 [0x0000016c735b0e00+0x00000000000002c4]
J 1038 c1 jdk.internal.loader.BuiltinClassLoader.loadClassOrNull(Ljava/lang/String;Z)Ljava/lang/Class; java.base@17.0.1 (143 bytes) @ 0x0000016c7356c284 [0x0000016c7356be00+0x0000000000000484]
J 1108 c1 jdk.internal.loader.ClassLoaders$AppClassLoader.loadClass(Ljava/lang/String;Z)Ljava/lang/Class; java.base@17.0.1 (40 bytes) @ 0x0000016c7358862c [0x0000016c735884e0+0x000000000000014c]
J 1098 c1 java.lang.ClassLoader.loadClass(Ljava/lang/String;)Ljava/lang/Class; java.base@17.0.1 (7 bytes) @ 0x0000016c73585ee4 [0x0000016c73585ea0+0x0000000000000044]
v  ~StubRoutines::call_stub
J 1191  java.lang.ClassLoader.defineClass1(Ljava/lang/ClassLoader;Ljava/lang/String;[BIILjava/security/ProtectionDomain;Ljava/lang/String;)Ljava/lang/Class; java.base@17.0.1 (0 bytes) @ 0x0000016c735af363 [0x0000016c735af2a0+0x00000000000000c3]
J 1225 c1 java.lang.ClassLoader.defineClass(Ljava/lang/String;[BIILjava/security/ProtectionDomain;)Ljava/lang/Class; java.base@17.0.1 (43 bytes) @ 0x0000016c735bf46c [0x0000016c735bf360+0x000000000000010c]
J 1214 c1 jdk.internal.loader.BuiltinClassLoader.defineClass(Ljava/lang/String;Ljdk/internal/loader/Resource;)Ljava/lang/Class; java.base@17.0.1 (121 bytes) @ 0x0000016c735bb574 [0x0000016c735bb0a0+0x00000000000004d4]
J 1193 c1 jdk.internal.loader.BuiltinClassLoader.findClassOnClassPathOrNull(Ljava/lang/String;)Ljava/lang/Class; java.base@17.0.1 (64 bytes) @ 0x0000016c735b10c4 [0x0000016c735b0e00+0x00000000000002c4]
J 1038 c1 jdk.internal.loader.BuiltinClassLoader.loadClassOrNull(Ljava/lang/String;Z)Ljava/lang/Class; java.base@17.0.1 (143 bytes) @ 0x0000016c7356c284 [0x0000016c7356be00+0x0000000000000484]
J 1108 c1 jdk.internal.loader.ClassLoaders$AppClassLoader.loadClass(Ljava/lang/String;Z)Ljava/lang/Class; java.base@17.0.1 (40 bytes) @ 0x0000016c7358862c [0x0000016c735884e0+0x000000000000014c]
J 1098 c1 java.lang.ClassLoader.loadClass(Ljava/lang/String;)Ljava/lang/Class; java.base@17.0.1 (7 bytes) @ 0x0000016c73585ee4 [0x0000016c73585ea0+0x0000000000000044]
v  ~StubRoutines::call_stub
j  org.hibernate.validator.internal.util.logging.LoggerFactory.make(Ljava/lang/invoke/MethodHandles$Lookup;)Lorg/hibernate/validator/internal/util/logging/Log;+8
j  org.hibernate.validator.internal.util.Version.<clinit>()V+3
v  ~StubRoutines::call_stub
j  org.hibernate.validator.internal.engine.AbstractConfigurationImpl.<clinit>()V+16
v  ~StubRoutines::call_stub
j  org.hibernate.validator.HibernateValidator.createGenericConfiguration(Ljavax/validation/spi/BootstrapState;)Ljavax/validation/Configuration;+0
j  javax.validation.Validation$GenericBootstrapImpl.configure()Ljavax/validation/Configuration;+81
j  org.springframework.boot.autoconfigure.BackgroundPreinitializer$ValidationInitializer.run()V+3
j  org.springframework.boot.autoconfigure.BackgroundPreinitializer$1.runSafely(Ljava/lang/Runnable;)V+1
j  org.springframework.boot.autoconfigure.BackgroundPreinitializer$1.run()V+21
j  java.lang.Thread.run()V+11 java.base@17.0.1
v  ~StubRoutines::call_stub

---------------  P R O C E S S  ---------------

Threads class SMR info:
_java_thread_list=0x0000016c054d6670, length=16, elements={
0x0000016c6b9ca890, 0x0000016c7f17fce0, 0x0000016c7f1812f0, 0x0000016c7f197340,
0x0000016c7f197ef0, 0x0000016c7f19b150, 0x0000016c7f1bbb10, 0x0000016c7f1bd4b0,
0x0000016c7f1c2b50, 0x0000016c6ba99bb0, 0x0000016c6ba9a300, 0x0000016c7fc7a040,
0x0000016c04f98f60, 0x0000016c04f99430, 0x0000016c050dd1c0, 0x0000016c05402100
}

Java Threads: ( => current thread )
  0x0000016c6b9ca890 JavaThread "main" [_thread_in_vm, id=2092, stack(0x0000005608800000,0x0000005608900000)]
  0x0000016c7f17fce0 JavaThread "Reference Handler" daemon [_thread_blocked, id=14772, stack(0x0000005608f00000,0x0000005609000000)]
  0x0000016c7f1812f0 JavaThread "Finalizer" daemon [_thread_blocked, id=2548, stack(0x0000005609000000,0x0000005609100000)]
  0x0000016c7f197340 JavaThread "Signal Dispatcher" daemon [_thread_blocked, id=14104, stack(0x0000005609100000,0x0000005609200000)]
  0x0000016c7f197ef0 JavaThread "Attach Listener" daemon [_thread_blocked, id=12408, stack(0x0000005609200000,0x0000005609300000)]
  0x0000016c7f19b150 JavaThread "Service Thread" daemon [_thread_blocked, id=14976, stack(0x0000005609300000,0x0000005609400000)]
  0x0000016c7f1bbb10 JavaThread "Monitor Deflation Thread" daemon [_thread_blocked, id=12104, stack(0x0000005609400000,0x0000005609500000)]
  0x0000016c7f1bd4b0 JavaThread "C1 CompilerThread0" daemon [_thread_blocked, id=14028, stack(0x0000005609500000,0x0000005609600000)]
  0x0000016c7f1c2b50 JavaThread "Sweeper thread" daemon [_thread_blocked, id=14384, stack(0x0000005609600000,0x0000005609700000)]
  0x0000016c6ba99bb0 JavaThread "Common-Cleaner" daemon [_thread_blocked, id=8560, stack(0x0000005609700000,0x0000005609800000)]
  0x0000016c6ba9a300 JavaThread "C1 CompilerThread1" daemon [_thread_blocked, id=17136, stack(0x0000005609800000,0x0000005609900000)]
  0x0000016c7fc7a040 JavaThread "C1 CompilerThread2" daemon [_thread_blocked, id=7124, stack(0x0000005609900000,0x0000005609a00000)]
  0x0000016c04f98f60 JavaThread "Monitor Ctrl-Break" daemon [_thread_in_native, id=8944, stack(0x0000005609a00000,0x0000005609b00000)]
  0x0000016c04f99430 JavaThread "Notification Thread" daemon [_thread_blocked, id=16584, stack(0x0000005609b00000,0x0000005609c00000)]
  0x0000016c050dd1c0 JavaThread "RMI TCP Accept-0" daemon [_thread_in_native, id=14948, stack(0x0000005609c00000,0x0000005609d00000)]
=>0x0000016c05402100 JavaThread "background-preinit" [_thread_in_vm, id=14716, stack(0x000000560a200000,0x000000560a300000)]

Other Threads:
  0x0000016c7f178070 VMThread "VM Thread" [stack: 0x0000005608e00000,0x0000005608f00000] [id=13348]
  0x0000016c6b9cb840 WatcherThread [stack: 0x0000005609d00000,0x0000005609e00000] [id=15292]
  0x0000016c6ba1f670 GCTaskThread "GC Thread#0" [stack: 0x0000005608900000,0x0000005608a00000] [id=15384]
  0x0000016c0509bb80 GCTaskThread "GC Thread#1" [stack: 0x0000005609e00000,0x0000005609f00000] [id=1320]
  0x0000016c0509be30 GCTaskThread "GC Thread#2" [stack: 0x0000005609f00000,0x000000560a000000] [id=5112]
  0x0000016c0509c0e0 GCTaskThread "GC Thread#3" [stack: 0x000000560a000000,0x000000560a100000] [id=1316]
  0x0000016c6ba2a4b0 ConcurrentGCThread "G1 Main Marker" [stack: 0x0000005608a00000,0x0000005608b00000] [id=10832]
  0x0000016c6ba2b7a0 ConcurrentGCThread "G1 Conc#0" [stack: 0x0000005608b00000,0x0000005608c00000] [id=13180]
  0x0000016c6ba86d50 ConcurrentGCThread "G1 Refine#0" [stack: 0x0000005608c00000,0x0000005608d00000] [id=12964]
  0x0000016c0509a790 ConcurrentGCThread "G1 Refine#1" [stack: 0x000000560a100000,0x000000560a200000] [id=17804]
  0x0000016c7f0501d0 ConcurrentGCThread "G1 Service" [stack: 0x0000005608d00000,0x0000005608e00000] [id=4604]

Threads with active compile tasks:

VM state: not at safepoint (normal execution)

VM Mutex/Monitor currently owned by a thread:  ([mutex/lock_event])
[0x0000016c6b9ba640] Metaspace_lock - owner thread: 0x0000016c05402100

Heap address: 0x00000006c2000000, size: 5088 MB, Compressed Oops mode: Zero based, Oop shift amount: 3

CDS archive(s) mapped at: [0x0000000800000000-0x0000000800bc0000-0x0000000800bc0000), size 12320768, SharedBaseAddress: 0x0000000800000000, ArchiveRelocationMode: 0.
Compressed class space mapped at: 0x0000000800c00000-0x0000000840c00000, reserved size: 1073741824
Narrow klass base: 0x0000000800000000, Narrow klass shift: 0, Narrow klass range: 0x100000000

GC Precious Log:
 CPUs: 4 total, 4 available
 Memory: 20346M
 Large Page Support: Disabled
 NUMA Support: Disabled
 Compressed Oops: Enabled (Zero based)
 Heap Region Size: 4M
 Heap Min Capacity: 8M
 Heap Initial Capacity: 320M
 Heap Max Capacity: 5088M
 Pre-touch: Disabled
 Parallel Workers: 4
 Concurrent Workers: 1
 Concurrent Refinement Workers: 4
 Periodic GC: Disabled

Heap:
 garbage-first heap   total 327680K, used 16045K [0x00000006c2000000, 0x0000000800000000)
  region size 4096K, 4 young (16384K), 1 survivors (4096K)
 Metaspace       used 9595K, committed 9728K, reserved 1064960K
  class space    used 1289K, committed 1344K, reserved 1048576K

Heap Regions: E=young(eden), S=young(survivor), O=old, HS=humongous(starts), HC=humongous(continues), CS=collection set, F=free, OA=open archive, CA=closed archive, TAMS=top-at-mark-start (previous, next)
|   0|0x00000006c2000000, 0x00000006c2400000, 0x00000006c2400000|100%| O|  |TAMS 0x00000006c2000000, 0x00000006c2000000| Untracked 
|   1|0x00000006c2400000, 0x00000006c26af400, 0x00000006c2800000| 67%| O|  |TAMS 0x00000006c2400000, 0x00000006c2400000| Untracked 
|   2|0x00000006c2800000, 0x00000006c2800000, 0x00000006c2c00000|  0%| F|  |TAMS 0x00000006c2800000, 0x00000006c2800000| Untracked 
|   3|0x00000006c2c00000, 0x00000006c2c00000, 0x00000006c3000000|  0%| F|  |TAMS 0x00000006c2c00000, 0x00000006c2c00000| Untracked 
|   4|0x00000006c3000000, 0x00000006c3000000, 0x00000006c3400000|  0%| F|  |TAMS 0x00000006c3000000, 0x00000006c3000000| Untracked 
|   5|0x00000006c3400000, 0x00000006c3400000, 0x00000006c3800000|  0%| F|  |TAMS 0x00000006c3400000, 0x00000006c3400000| Untracked 
|   6|0x00000006c3800000, 0x00000006c3800000, 0x00000006c3c00000|  0%| F|  |TAMS 0x00000006c3800000, 0x00000006c3800000| Untracked 
|   7|0x00000006c3c00000, 0x00000006c3c00000, 0x00000006c4000000|  0%| F|  |TAMS 0x00000006c3c00000, 0x00000006c3c00000| Untracked 
|   8|0x00000006c4000000, 0x00000006c4000000, 0x00000006c4400000|  0%| F|  |TAMS 0x00000006c4000000, 0x00000006c4000000| Untracked 
|   9|0x00000006c4400000, 0x00000006c4400000, 0x00000006c4800000|  0%| F|  |TAMS 0x00000006c4400000, 0x00000006c4400000| Untracked 
|  10|0x00000006c4800000, 0x00000006c4800000, 0x00000006c4c00000|  0%| F|  |TAMS 0x00000006c4800000, 0x00000006c4800000| Untracked 
|  11|0x00000006c4c00000, 0x00000006c4c00000, 0x00000006c5000000|  0%| F|  |TAMS 0x00000006c4c00000, 0x00000006c4c00000| Untracked 
|  12|0x00000006c5000000, 0x00000006c5000000, 0x00000006c5400000|  0%| F|  |TAMS 0x00000006c5000000, 0x00000006c5000000| Untracked 
|  13|0x00000006c5400000, 0x00000006c5400000, 0x00000006c5800000|  0%| F|  |TAMS 0x00000006c5400000, 0x00000006c5400000| Untracked 
|  14|0x00000006c5800000, 0x00000006c5800000, 0x00000006c5c00000|  0%| F|  |TAMS 0x00000006c5800000, 0x00000006c5800000| Untracked 
|  15|0x00000006c5c00000, 0x00000006c5c00000, 0x00000006c6000000|  0%| F|  |TAMS 0x00000006c5c00000, 0x00000006c5c00000| Untracked 
|  16|0x00000006c6000000, 0x00000006c6000000, 0x00000006c6400000|  0%| F|  |TAMS 0x00000006c6000000, 0x00000006c6000000| Untracked 
|  17|0x00000006c6400000, 0x00000006c6400000, 0x00000006c6800000|  0%| F|  |TAMS 0x00000006c6400000, 0x00000006c6400000| Untracked 
|  18|0x00000006c6800000, 0x00000006c6800000, 0x00000006c6c00000|  0%| F|  |TAMS 0x00000006c6800000, 0x00000006c6800000| Untracked 
|  19|0x00000006c6c00000, 0x00000006c6c00000, 0x00000006c7000000|  0%| F|  |TAMS 0x00000006c6c00000, 0x00000006c6c00000| Untracked 
|  20|0x00000006c7000000, 0x00000006c7000000, 0x00000006c7400000|  0%| F|  |TAMS 0x00000006c7000000, 0x00000006c7000000| Untracked 
|  21|0x00000006c7400000, 0x00000006c7400000, 0x00000006c7800000|  0%| F|  |TAMS 0x00000006c7400000, 0x00000006c7400000| Untracked 
|  22|0x00000006c7800000, 0x00000006c7800000, 0x00000006c7c00000|  0%| F|  |TAMS 0x00000006c7800000, 0x00000006c7800000| Untracked 
|  23|0x00000006c7c00000, 0x00000006c7c00000, 0x00000006c8000000|  0%| F|  |TAMS 0x00000006c7c00000, 0x00000006c7c00000| Untracked 
|  24|0x00000006c8000000, 0x00000006c8000000, 0x00000006c8400000|  0%| F|  |TAMS 0x00000006c8000000, 0x00000006c8000000| Untracked 
|  25|0x00000006c8400000, 0x00000006c8400000, 0x00000006c8800000|  0%| F|  |TAMS 0x00000006c8400000, 0x00000006c8400000| Untracked 
|  26|0x00000006c8800000, 0x00000006c8800000, 0x00000006c8c00000|  0%| F|  |TAMS 0x00000006c8800000, 0x00000006c8800000| Untracked 
|  27|0x00000006c8c00000, 0x00000006c8c00000, 0x00000006c9000000|  0%| F|  |TAMS 0x00000006c8c00000, 0x00000006c8c00000| Untracked 
|  28|0x00000006c9000000, 0x00000006c9000000, 0x00000006c9400000|  0%| F|  |TAMS 0x00000006c9000000, 0x00000006c9000000| Untracked 
|  29|0x00000006c9400000, 0x00000006c9400000, 0x00000006c9800000|  0%| F|  |TAMS 0x00000006c9400000, 0x00000006c9400000| Untracked 
|  30|0x00000006c9800000, 0x00000006c9800000, 0x00000006c9c00000|  0%| F|  |TAMS 0x00000006c9800000, 0x00000006c9800000| Untracked 
|  31|0x00000006c9c00000, 0x00000006c9c00000, 0x00000006ca000000|  0%| F|  |TAMS 0x00000006c9c00000, 0x00000006c9c00000| Untracked 
|  32|0x00000006ca000000, 0x00000006ca000000, 0x00000006ca400000|  0%| F|  |TAMS 0x00000006ca000000, 0x00000006ca000000| Untracked 
|  33|0x00000006ca400000, 0x00000006ca400000, 0x00000006ca800000|  0%| F|  |TAMS 0x00000006ca400000, 0x00000006ca400000| Untracked 
|  34|0x00000006ca800000, 0x00000006ca800000, 0x00000006cac00000|  0%| F|  |TAMS 0x00000006ca800000, 0x00000006ca800000| Untracked 
|  35|0x00000006cac00000, 0x00000006cac00000, 0x00000006cb000000|  0%| F|  |TAMS 0x00000006cac00000, 0x00000006cac00000| Untracked 
|  36|0x00000006cb000000, 0x00000006cb000000, 0x00000006cb400000|  0%| F|  |TAMS 0x00000006cb000000, 0x00000006cb000000| Untracked 
|  37|0x00000006cb400000, 0x00000006cb400000, 0x00000006cb800000|  0%| F|  |TAMS 0x00000006cb400000, 0x00000006cb400000| Untracked 
|  38|0x00000006cb800000, 0x00000006cb800000, 0x00000006cbc00000|  0%| F|  |TAMS 0x00000006cb800000, 0x00000006cb800000| Untracked 
|  39|0x00000006cbc00000, 0x00000006cbc00000, 0x00000006cc000000|  0%| F|  |TAMS 0x00000006cbc00000, 0x00000006cbc00000| Untracked 
|  40|0x00000006cc000000, 0x00000006cc000000, 0x00000006cc400000|  0%| F|  |TAMS 0x00000006cc000000, 0x00000006cc000000| Untracked 
|  41|0x00000006cc400000, 0x00000006cc400000, 0x00000006cc800000|  0%| F|  |TAMS 0x00000006cc400000, 0x00000006cc400000| Untracked 
|  42|0x00000006cc800000, 0x00000006cc800000, 0x00000006ccc00000|  0%| F|  |TAMS 0x00000006cc800000, 0x00000006cc800000| Untracked 
|  43|0x00000006ccc00000, 0x00000006ccc00000, 0x00000006cd000000|  0%| F|  |TAMS 0x00000006ccc00000, 0x00000006ccc00000| Untracked 
|  44|0x00000006cd000000, 0x00000006cd000000, 0x00000006cd400000|  0%| F|  |TAMS 0x00000006cd000000, 0x00000006cd000000| Untracked 
|  45|0x00000006cd400000, 0x00000006cd400000, 0x00000006cd800000|  0%| F|  |TAMS 0x00000006cd400000, 0x00000006cd400000| Untracked 
|  46|0x00000006cd800000, 0x00000006cd800000, 0x00000006cdc00000|  0%| F|  |TAMS 0x00000006cd800000, 0x00000006cd800000| Untracked 
|  47|0x00000006cdc00000, 0x00000006cdc00000, 0x00000006ce000000|  0%| F|  |TAMS 0x00000006cdc00000, 0x00000006cdc00000| Untracked 
|  48|0x00000006ce000000, 0x00000006ce000000, 0x00000006ce400000|  0%| F|  |TAMS 0x00000006ce000000, 0x00000006ce000000| Untracked 
|  49|0x00000006ce400000, 0x00000006ce400000, 0x00000006ce800000|  0%| F|  |TAMS 0x00000006ce400000, 0x00000006ce400000| Untracked 
|  50|0x00000006ce800000, 0x00000006ce800000, 0x00000006cec00000|  0%| F|  |TAMS 0x00000006ce800000, 0x00000006ce800000| Untracked 
|  51|0x00000006cec00000, 0x00000006cec00000, 0x00000006cf000000|  0%| F|  |TAMS 0x00000006cec00000, 0x00000006cec00000| Untracked 
|  52|0x00000006cf000000, 0x00000006cf000000, 0x00000006cf400000|  0%| F|  |TAMS 0x00000006cf000000, 0x00000006cf000000| Untracked 
|  53|0x00000006cf400000, 0x00000006cf400000, 0x00000006cf800000|  0%| F|  |TAMS 0x00000006cf400000, 0x00000006cf400000| Untracked 
|  54|0x00000006cf800000, 0x00000006cf800000, 0x00000006cfc00000|  0%| F|  |TAMS 0x00000006cf800000, 0x00000006cf800000| Untracked 
|  55|0x00000006cfc00000, 0x00000006cfc00000, 0x00000006d0000000|  0%| F|  |TAMS 0x00000006cfc00000, 0x00000006cfc00000| Untracked 
|  56|0x00000006d0000000, 0x00000006d0000000, 0x00000006d0400000|  0%| F|  |TAMS 0x00000006d0000000, 0x00000006d0000000| Untracked 
|  57|0x00000006d0400000, 0x00000006d0400000, 0x00000006d0800000|  0%| F|  |TAMS 0x00000006d0400000, 0x00000006d0400000| Untracked 
|  58|0x00000006d0800000, 0x00000006d0800000, 0x00000006d0c00000|  0%| F|  |TAMS 0x00000006d0800000, 0x00000006d0800000| Untracked 
|  59|0x00000006d0c00000, 0x00000006d0c00000, 0x00000006d1000000|  0%| F|  |TAMS 0x00000006d0c00000, 0x00000006d0c00000| Untracked 
|  60|0x00000006d1000000, 0x00000006d1000000, 0x00000006d1400000|  0%| F|  |TAMS 0x00000006d1000000, 0x00000006d1000000| Untracked 
|  61|0x00000006d1400000, 0x00000006d1400000, 0x00000006d1800000|  0%| F|  |TAMS 0x00000006d1400000, 0x00000006d1400000| Untracked 
|  62|0x00000006d1800000, 0x00000006d1800000, 0x00000006d1c00000|  0%| F|  |TAMS 0x00000006d1800000, 0x00000006d1800000| Untracked 
|  63|0x00000006d1c00000, 0x00000006d1c00000, 0x00000006d2000000|  0%| F|  |TAMS 0x00000006d1c00000, 0x00000006d1c00000| Untracked 
|  64|0x00000006d2000000, 0x00000006d2000000, 0x00000006d2400000|  0%| F|  |TAMS 0x00000006d2000000, 0x00000006d2000000| Untracked 
|  65|0x00000006d2400000, 0x00000006d2400000, 0x00000006d2800000|  0%| F|  |TAMS 0x00000006d2400000, 0x00000006d2400000| Untracked 
|  66|0x00000006d2800000, 0x00000006d2800000, 0x00000006d2c00000|  0%| F|  |TAMS 0x00000006d2800000, 0x00000006d2800000| Untracked 
|  67|0x00000006d2c00000, 0x00000006d2c00000, 0x00000006d3000000|  0%| F|  |TAMS 0x00000006d2c00000, 0x00000006d2c00000| Untracked 
|  68|0x00000006d3000000, 0x00000006d3000000, 0x00000006d3400000|  0%| F|  |TAMS 0x00000006d3000000, 0x00000006d3000000| Untracked 
|  69|0x00000006d3400000, 0x00000006d3400000, 0x00000006d3800000|  0%| F|  |TAMS 0x00000006d3400000, 0x00000006d3400000| Untracked 
|  70|0x00000006d3800000, 0x00000006d3800000, 0x00000006d3c00000|  0%| F|  |TAMS 0x00000006d3800000, 0x00000006d3800000| Untracked 
|  71|0x00000006d3c00000, 0x00000006d3c00000, 0x00000006d4000000|  0%| F|  |TAMS 0x00000006d3c00000, 0x00000006d3c00000| Untracked 
|  72|0x00000006d4000000, 0x00000006d4000000, 0x00000006d4400000|  0%| F|  |TAMS 0x00000006d4000000, 0x00000006d4000000| Untracked 
|  73|0x00000006d4400000, 0x00000006d4400000, 0x00000006d4800000|  0%| F|  |TAMS 0x00000006d4400000, 0x00000006d4400000| Untracked 
|  74|0x00000006d4800000, 0x00000006d4800000, 0x00000006d4c00000|  0%| F|  |TAMS 0x00000006d4800000, 0x00000006d4800000| Untracked 
|  75|0x00000006d4c00000, 0x00000006d4c00000, 0x00000006d5000000|  0%| F|  |TAMS 0x00000006d4c00000, 0x00000006d4c00000| Untracked 
|  76|0x00000006d5000000, 0x00000006d50fc170, 0x00000006d5400000| 24%| S|CS|TAMS 0x00000006d5000000, 0x00000006d5000000| Complete 
|  77|0x00000006d5400000, 0x00000006d5558e28, 0x00000006d5800000| 33%| E|  |TAMS 0x00000006d5400000, 0x00000006d5400000| Complete 
|  78|0x00000006d5800000, 0x00000006d5c00000, 0x00000006d5c00000|100%| E|CS|TAMS 0x00000006d5800000, 0x00000006d5800000| Complete 
|  79|0x00000006d5c00000, 0x00000006d6000000, 0x00000006d6000000|100%| E|CS|TAMS 0x00000006d5c00000, 0x00000006d5c00000| Complete 

Card table byte_map: [0x0000016c76bc0000,0x0000016c775b0000] _byte_map_base: 0x0000016c735b0000

Marking Bits (Prev, Next): (CMBitMap*) 0x0000016c6ba1fc80, (CMBitMap*) 0x0000016c6ba1fcc0
 Prev Bits: [0x0000016c77fa0000, 0x0000016c7cf20000)
 Next Bits: [0x0000016c00000000, 0x0000016c04f80000)

Polling page: 0x0000016c69900000

Metaspace:

Usage:
  Non-class:      8.11 MB used.
      Class:      1.26 MB used.
       Both:      9.37 MB used.

Virtual space:
  Non-class space:       16.00 MB reserved,       8.19 MB ( 51%) committed,  2 nodes.
      Class space:        1.00 GB reserved,       1.31 MB ( <1%) committed,  1 nodes.
             Both:        1.02 GB reserved,       9.50 MB ( <1%) committed. 

Chunk freelists:
   Non-Class:  3.48 MB
       Class:  2.63 MB
        Both:  6.11 MB

MaxMetaspaceSize: unlimited
CompressedClassSpaceSize: 1.00 GB
Initial GC threshold: 21.00 MB
Current GC threshold: 21.00 MB
CDS: on
MetaspaceReclaimPolicy: balanced
 - commit_granule_bytes: 65536.
 - commit_granule_words: 8192.
 - virtual_space_node_default_size: 1048576.
 - enlarge_chunks_in_place: 1.
 - new_chunks_are_fully_committed: 0.
 - uncommit_free_chunks: 1.
 - use_allocation_guard: 0.
 - handle_deallocations: 1.


Internal statistics:

num_allocs_failed_limit: 0.
num_arena_births: 172.
num_arena_deaths: 0.
num_vsnodes_births: 3.
num_vsnodes_deaths: 0.
num_space_committed: 152.
num_space_uncommitted: 0.
num_chunks_returned_to_freelist: 0.
num_chunks_taken_from_freelist: 384.
num_chunk_merges: 0.
num_chunk_splits: 252.
num_chunks_enlarged: 175.
num_purges: 0.
num_inconsistent_stats: 0.

CodeCache: size=49152Kb used=4802Kb max_used=4802Kb free=44349Kb
 bounds [0x0000016c731d0000, 0x0000016c73690000, 0x0000016c761d0000]
 total_blobs=2206 nmethods=1751 adapters=380
 compilation: disabled (not enough contiguous free space left)
              stopped_count=1, restarted_count=0
 full_count=1

Compilation events (20 events):
Event: 0.975 Thread 0x0000016c6ba9a300 nmethod 1746 0x0000016c7367d290 code [0x0000016c7367d440, 0x0000016c7367d588]
Event: 0.975 Thread 0x0000016c6ba9a300 1748       1       org.springframework.core.ResolvableType::equals (157 bytes)
Event: 0.975 Thread 0x0000016c7f1bd4b0 1744       1       java.lang.invoke.InfoFromMemberName::getMethodType (8 bytes)
Event: 0.975 Thread 0x0000016c7f1bd4b0 nmethod 1744 0x0000016c7367d610 code [0x0000016c7367d7a0, 0x0000016c7367d888]
Event: 0.975 Thread 0x0000016c7f1bd4b0 1745       1       jdk.internal.org.objectweb.asm.FieldWriter::visitEnd (1 bytes)
Event: 0.975 Thread 0x0000016c7fc7a040 nmethod 1743 0x0000016c7367d910 code [0x0000016c7367dac0, 0x0000016c7367dc48]
Event: 0.975 Thread 0x0000016c7fc7a040 1747       1       org.springframework.core.ResolvableType::forType (17 bytes)
Event: 0.975 Thread 0x0000016c7f1bd4b0 nmethod 1745 0x0000016c7367dd10 code [0x0000016c7367dea0, 0x0000016c7367df58]
Event: 0.975 Thread 0x0000016c7f1bd4b0 1742       1       java.lang.Module::isExported (18 bytes)
Event: 0.975 Thread 0x0000016c6ba9a300 nmethod 1748 0x0000016c7367e010 code [0x0000016c7367e240, 0x0000016c7367e698]
Event: 0.975 Thread 0x0000016c7fc7a040 nmethod 1747 0x0000016c7367e810 code [0x0000016c7367e9c0, 0x0000016c7367eb88]
Event: 0.975 Thread 0x0000016c7f1bd4b0 nmethod 1742 0x0000016c7367ec90 code [0x0000016c7367ee40, 0x0000016c7367f068]
Event: 0.975 Thread 0x0000016c7fc7a040 1749       1       org.springframework.boot.context.properties.source.ConfigurationPropertyName::adapt (53 bytes)
Event: 0.975 Thread 0x0000016c7f1bd4b0 1750       1       org.springframework.core.ResolvableType::getInterfaces (68 bytes)
Event: 0.975 Thread 0x0000016c7fc7a040 nmethod 1749 0x0000016c7367f190 code [0x0000016c7367f380, 0x0000016c7367f7f8]
Event: 0.975 Thread 0x0000016c6ba9a300 1751       1       java.lang.Math::floorDiv (31 bytes)
Event: 0.975 Thread 0x0000016c7fc7a040 1752       1       java.lang.Math::floorMod (29 bytes)
Event: 0.975 Thread 0x0000016c6ba9a300 nmethod 1751 0x0000016c7367fa10 code [0x0000016c7367fba0, 0x0000016c7367fcb8]
Event: 0.975 Thread 0x0000016c7fc7a040 

Event: 0.975 Thread 0x0000016c7f1bd4b0 nmethod 1750 0x0000016c7367fd90 code [0x0000016c7367ffa0, 0x0000016c736805e8]

GC Heap History (4 events):
Event: 0.592 GC heap before
{Heap before GC invocations=0 (full 0):
 garbage-first heap   total 327680K, used 16384K [0x00000006c2000000, 0x0000000800000000)
  region size 4096K, 4 young (16384K), 0 survivors (0K)
 Metaspace       used 5365K, committed 5568K, reserved 1056768K
  class space    used 640K, committed 768K, reserved 1048576K
}
Event: 0.600 GC heap after
{Heap after GC invocations=1 (full 0):
 garbage-first heap   total 327680K, used 6682K [0x00000006c2000000, 0x0000000800000000)
  region size 4096K, 1 young (4096K), 1 survivors (4096K)
 Metaspace       used 5365K, committed 5568K, reserved 1056768K
  class space    used 640K, committed 768K, reserved 1048576K
}
Event: 0.817 GC heap before
{Heap before GC invocations=1 (full 0):
 garbage-first heap   total 327680K, used 18970K [0x00000006c2000000, 0x0000000800000000)
  region size 4096K, 4 young (16384K), 1 survivors (4096K)
 Metaspace       used 7978K, committed 8192K, reserved 1056768K
  class space    used 1017K, committed 1152K, reserved 1048576K
}
Event: 0.820 GC heap after
{Heap after GC invocations=2 (full 0):
 garbage-first heap   total 327680K, used 7853K [0x00000006c2000000, 0x0000000800000000)
  region size 4096K, 1 young (4096K), 1 survivors (4096K)
 Metaspace       used 7978K, committed 8192K, reserved 1056768K
  class space    used 1017K, committed 1152K, reserved 1048576K
}

Deoptimization events (2 events):
Event: 0.651 Thread 0x0000016c6b9ca890 DEOPT PACKING pc=0x0000016c734a8681 sp=0x00000056088fd9b0
Event: 0.651 Thread 0x0000016c6b9ca890 DEOPT UNPACKING pc=0x0000016c73222b43 sp=0x00000056088fce08 mode 3

Classes unloaded (0 events):
No events

Classes redefined (0 events):
No events

Internal exceptions (20 events):
Event: 0.778 Thread 0x0000016c6b9ca890 Exception <a 'java/lang/IncompatibleClassChangeError'{0x00000006d55b22a0}: Found class java.lang.Object, but interface was expected> (0x00000006d55b22a0) 
thrown [t:\workspace\open\src\hotspot\share\interpreter\linkResolver.cpp, line 833]
Event: 0.792 Thread 0x0000016c6b9ca890 Exception <a 'java/lang/NoSuchMethodError'{0x00000006d568ba10}: 'int java.lang.invoke.DirectMethodHandle$Holder.invokeSpecial(java.lang.Object, java.lang.Object, java.lang.Object, java.lang.Object)'> (0x00000006d568ba10) 
thrown [t:\workspace\open\src\hotspot\share\interpreter\linkResolver.cpp, line 766]
Event: 0.815 Thread 0x0000016c6b9ca890 Exception <a 'java/lang/NoSuchMethodError'{0x00000006d57dcfb0}: 'java.lang.Object java.lang.invoke.DirectMethodHandle$Holder.newInvokeSpecial(java.lang.Object, java.lang.Object, java.lang.Object, java.lang.Object, java.lang.Object, java.lang.Object)'> (0x00000006d57dcfb0) 
thrown [t:\workspace\open\src\hotspot\share\interpreter\linkResolver.cpp, line 766]
Event: 0.831 Thread 0x0000016c6b9ca890 Exception <a 'java/lang/NoSuchMethodError'{0x00000006d5ce2610}: 'java.lang.Object java.lang.invoke.DirectMethodHandle$Holder.invokeSpecial(java.lang.Object, java.lang.Object, java.lang.Object, java.lang.Object, java.lang.Object, java.lang.Object, int)'> (0x00000006d5ce2610) 
thrown [t:\workspace\open\src\hotspot\share\interpreter\linkResolver.cpp, line 766]
Event: 0.832 Thread 0x0000016c6b9ca890 Exception <a 'java/lang/NoSuchMethodError'{0x00000006d5cecb70}: 'java.lang.Object java.lang.invoke.DirectMethodHandle$Holder.newInvokeSpecial(java.lang.Object, java.lang.Object, java.lang.Object, java.lang.Object, java.lang.Object, java.lang.Object, int)'> (0x00000006d5cecb70) 
thrown [t:\workspace\open\src\hotspot\share\interpreter\linkResolver.cpp, line 766]
Event: 0.833 Thread 0x0000016c6b9ca890 Exception <a 'java/lang/NoSuchMethodError'{0x00000006d5cf1bf0}: 'java.lang.Object java.lang.invoke.DirectMethodHandle$Holder.invokeSpecial(java.lang.Object, java.lang.Object, java.lang.Object, java.lang.Object, java.lang.Object, java.lang.Object, java.lang.Object, int)'> (0x00000006d5cf1bf0) 
thrown [t:\workspace\open\src\hotspot\share\interpreter\linkResolver.cpp, line 766]
Event: 0.863 Thread 0x0000016c6b9ca890 Exception <a 'java/lang/NoSuchMethodError'{0x00000006d5e709c8}: 'int java.lang.invoke.DirectMethodHandle$Holder.invokeVirtual(java.lang.Object, java.lang.Object)'> (0x00000006d5e709c8) 
thrown [t:\workspace\open\src\hotspot\share\interpreter\linkResolver.cpp, line 766]
Event: 0.873 Thread 0x0000016c6b9ca890 Exception <a 'java/lang/NoSuchMethodError'{0x00000006d5ef9728}: 'java.lang.Object java.lang.invoke.DirectMethodHandle$Holder.invokeSpecial(java.lang.Object, java.lang.Object, java.lang.Object, int, java.lang.Object)'> (0x00000006d5ef9728) 
thrown [t:\workspace\open\src\hotspot\share\interpreter\linkResolver.cpp, line 766]
Event: 0.874 Thread 0x0000016c6b9ca890 Exception <a 'java/lang/NoSuchMethodError'{0x00000006d5f01d90}: 'java.lang.Object java.lang.invoke.DirectMethodHandle$Holder.newInvokeSpecial(java.lang.Object, java.lang.Object, java.lang.Object, int, java.lang.Object)'> (0x00000006d5f01d90) 
thrown [t:\workspace\open\src\hotspot\share\interpreter\linkResolver.cpp, line 766]
Event: 0.874 Thread 0x0000016c6b9ca890 Exception <a 'java/lang/NoSuchMethodError'{0x00000006d5f09760}: 'java.lang.Object java.lang.invoke.Invokers$Holder.linkToTargetMethod(java.lang.Object, java.lang.Object, int, java.lang.Object, java.lang.Object)'> (0x00000006d5f09760) 
thrown [t:\workspace\open\src\hotspot\share\interpreter\linkResolver.cpp, line 766]
Event: 0.875 Thread 0x0000016c6b9ca890 Exception <a 'java/lang/NoSuchMethodError'{0x00000006d5f1be70}: 'java.lang.Object java.lang.invoke.DirectMethodHandle$Holder.newInvokeSpecial(java.lang.Object, int, java.lang.Object)'> (0x00000006d5f1be70) 
thrown [t:\workspace\open\src\hotspot\share\interpreter\linkResolver.cpp, line 766]
Event: 0.876 Thread 0x0000016c6b9ca890 Exception <a 'java/lang/NoSuchMethodError'{0x00000006d5f209b8}: 'int java.lang.invoke.DirectMethodHandle$Holder.invokeSpecialIFC(java.lang.Object, java.lang.Object, java.lang.Object, java.lang.Object)'> (0x00000006d5f209b8) 
thrown [t:\workspace\open\src\hotspot\share\interpreter\linkResolver.cpp, line 766]
Event: 0.893 Thread 0x0000016c6b9ca890 Exception <a 'java/lang/NoSuchMethodError'{0x00000006d5fe0a38}: 'java.lang.Object java.lang.invoke.DirectMethodHandle$Holder.invokeInterface(java.lang.Object, java.lang.Object)'> (0x00000006d5fe0a38) 
thrown [t:\workspace\open\src\hotspot\share\interpreter\linkResolver.cpp, line 766]
Event: 0.896 Thread 0x0000016c6b9ca890 Exception <a 'java/lang/NoSuchMethodError'{0x00000006d5ff11b0}: 'void java.lang.invoke.DirectMethodHandle$Holder.invokeInterface(java.lang.Object, java.lang.Object, java.lang.Object)'> (0x00000006d5ff11b0) 
thrown [t:\workspace\open\src\hotspot\share\interpreter\linkResolver.cpp, line 766]
Event: 0.927 Thread 0x0000016c6b9ca890 Exception <a 'java/lang/NoSuchMethodError'{0x00000006d59102d8}: 'void java.lang.invoke.DirectMethodHandle$Holder.invokeStatic(java.lang.Object, java.lang.Object, int)'> (0x00000006d59102d8) 
thrown [t:\workspace\open\src\hotspot\share\interpreter\linkResolver.cpp, line 766]
Event: 0.929 Thread 0x0000016c6b9ca890 Exception <a 'java/lang/NoSuchMethodError'{0x00000006d5918048}: 'void java.lang.invoke.DirectMethodHandle$Holder.invokeStaticInit(java.lang.Object, java.lang.Object)'> (0x00000006d5918048) 
thrown [t:\workspace\open\src\hotspot\share\interpreter\linkResolver.cpp, line 766]
Event: 0.932 Thread 0x0000016c6b9ca890 Exception <a 'java/lang/NoSuchMethodError'{0x00000006d5936980}: 'void java.lang.invoke.DirectMethodHandle$Holder.invokeStaticInit(java.lang.Object, java.lang.Object, java.lang.Object)'> (0x00000006d5936980) 
thrown [t:\workspace\open\src\hotspot\share\interpreter\linkResolver.cpp, line 766]
Event: 0.946 Thread 0x0000016c6b9ca890 Exception <a 'java/lang/NoSuchMethodError'{0x00000006d59a9480}: 'void java.lang.invoke.DirectMethodHandle$Holder.invokeVirtual(java.lang.Object, java.lang.Object, java.lang.Object, java.lang.Object)'> (0x00000006d59a9480) 
thrown [t:\workspace\open\src\hotspot\share\interpreter\linkResolver.cpp, line 766]
Event: 0.970 Thread 0x0000016c6b9ca890 Exception <a 'java/lang/NoSuchMethodError'{0x00000006d5ae35c0}: 'void java.lang.invoke.DirectMethodHandle$Holder.invokeSpecial(java.lang.Object, java.lang.Object, java.lang.Object)'> (0x00000006d5ae35c0) 
thrown [t:\workspace\open\src\hotspot\share\interpreter\linkResolver.cpp, line 766]
Event: 0.970 Thread 0x0000016c6b9ca890 Exception <a 'java/lang/NoSuchMethodError'{0x00000006d5ae9b98}: 'void java.lang.invoke.DirectMethodHandle$Holder.invokeSpecial(java.lang.Object, java.lang.Object, java.lang.Object, java.lang.Object, java.lang.Object)'> (0x00000006d5ae9b98) 
thrown [t:\workspace\open\src\hotspot\share\interpreter\linkResolver.cpp, line 766]

VM Operations (16 events):
Event: 0.126 Executing VM operation: HandshakeAllThreads
Event: 0.126 Executing VM operation: HandshakeAllThreads done
Event: 0.245 Executing VM operation: HandshakeAllThreads
Event: 0.245 Executing VM operation: HandshakeAllThreads done
Event: 0.390 Executing VM operation: HandshakeAllThreads
Event: 0.390 Executing VM operation: HandshakeAllThreads done
Event: 0.592 Executing VM operation: G1CollectForAllocation
Event: 0.600 Executing VM operation: G1CollectForAllocation done
Event: 0.613 Executing VM operation: HandshakeAllThreads
Event: 0.613 Executing VM operation: HandshakeAllThreads done
Event: 0.719 Executing VM operation: HandshakeAllThreads
Event: 0.719 Executing VM operation: HandshakeAllThreads done
Event: 0.817 Executing VM operation: G1CollectForAllocation
Event: 0.820 Executing VM operation: G1CollectForAllocation done
Event: 0.861 Executing VM operation: HandshakeAllThreads
Event: 0.861 Executing VM operation: HandshakeAllThreads done

Events (20 events):
Event: 0.969 loading class sun/util/resources/TimeZoneNamesBundle
Event: 0.969 loading class sun/util/resources/OpenListResourceBundle
Event: 0.969 loading class sun/util/resources/OpenListResourceBundle done
Event: 0.969 loading class sun/util/resources/TimeZoneNamesBundle done
Event: 0.969 loading class sun/util/resources/cldr/TimeZoneNames done
Event: 0.969 loading class sun/util/resources/cldr/TimeZoneNames_en
Event: 0.970 loading class sun/util/resources/cldr/TimeZoneNames_en done
Event: 0.970 loading class sun/util/resources/cldr/TimeZoneNames_en_US
Event: 0.970 loading class sun/util/resources/cldr/TimeZoneNames_en_US done
Event: 0.971 loading class sun/util/resources/TimeZoneNames
Event: 0.971 loading class sun/util/resources/TimeZoneNames done
Event: 0.971 loading class sun/util/resources/TimeZoneNames_en
Event: 0.971 loading class sun/util/resources/TimeZoneNames_en done
Event: 0.972 Thread 0x0000016c05402100 Thread added: 0x0000016c05402100
Event: 0.973 loading class java/io/UnsupportedEncodingException
Event: 0.973 loading class java/io/UnsupportedEncodingException done
Event: 0.973 loading class java/nio/charset/CharacterCodingException
Event: 0.973 loading class java/nio/charset/CharacterCodingException done
Event: 0.977 loading class java/net/MalformedURLException
Event: 0.977 loading class java/net/MalformedURLException done


Dynamic libraries:
0x00007ff6d5770000 - 0x00007ff6d5780000 	C:\Program Files\Java\jdk-17.0.1\bin\java.exe
0x00007ffbf8b50000 - 0x00007ffbf8d45000 	C:\WINDOWS\SYSTEM32\ntdll.dll
0x00007ffbf73a0000 - 0x00007ffbf745e000 	C:\WINDOWS\System32\KERNEL32.DLL
0x00007ffbf6720000 - 0x00007ffbf69e8000 	C:\WINDOWS\System32\KERNELBASE.dll
0x00007ffbf6460000 - 0x00007ffbf6560000 	C:\WINDOWS\System32\ucrtbase.dll
0x00007ffbf1780000 - 0x00007ffbf1798000 	C:\Program Files\Java\jdk-17.0.1\bin\jli.dll
0x00007ffbf17a0000 - 0x00007ffbf17ba000 	C:\Program Files\Java\jdk-17.0.1\bin\VCRUNTIME140.dll
0x00007ffbf8590000 - 0x00007ffbf863c000 	C:\WINDOWS\System32\ADVAPI32.dll
0x00007ffbf7610000 - 0x00007ffbf76ae000 	C:\WINDOWS\System32\msvcrt.dll
0x00007ffbf7990000 - 0x00007ffbf7a2b000 	C:\WINDOWS\System32\sechost.dll
0x00007ffbf8460000 - 0x00007ffbf858a000 	C:\WINDOWS\System32\RPCRT4.dll
0x00007ffbf77d0000 - 0x00007ffbf7971000 	C:\WINDOWS\System32\USER32.dll
0x00007ffbf6a80000 - 0x00007ffbf6aa2000 	C:\WINDOWS\System32\win32u.dll
0x00007ffbe29e0000 - 0x00007ffbe2c7a000 	C:\WINDOWS\WinSxS\amd64_microsoft.windows.common-controls_6595b64144ccf1df_6.0.19041.1110_none_60b5254171f9507e\COMCTL32.dll
0x00007ffbf8ae0000 - 0x00007ffbf8b0b000 	C:\WINDOWS\System32\GDI32.dll
0x00007ffbf6610000 - 0x00007ffbf671d000 	C:\WINDOWS\System32\gdi32full.dll
0x00007ffbf63c0000 - 0x00007ffbf645d000 	C:\WINDOWS\System32\msvcp_win.dll
0x00007ffbeedb0000 - 0x00007ffbeedba000 	C:\WINDOWS\SYSTEM32\VERSION.dll
0x00007ffbf7010000 - 0x00007ffbf7040000 	C:\WINDOWS\System32\IMM32.DLL
0x00007ffbf1770000 - 0x00007ffbf177c000 	C:\Program Files\Java\jdk-17.0.1\bin\vcruntime140_1.dll
0x00007ffbdce10000 - 0x00007ffbdce9d000 	C:\Program Files\Java\jdk-17.0.1\bin\msvcp140.dll
0x00007ffb93a00000 - 0x00007ffb945be000 	C:\Program Files\Java\jdk-17.0.1\bin\server\jvm.dll
0x00007ffbf7980000 - 0x00007ffbf7988000 	C:\WINDOWS\System32\PSAPI.DLL
0x00007ffbdf2d0000 - 0x00007ffbdf2d9000 	C:\WINDOWS\SYSTEM32\WSOCK32.dll
0x00007ffbf7bb0000 - 0x00007ffbf7c1b000 	C:\WINDOWS\System32\WS2_32.dll
0x00007ffbe37e0000 - 0x00007ffbe3807000 	C:\WINDOWS\SYSTEM32\WINMM.dll
0x00007ffbf4b30000 - 0x00007ffbf4b42000 	C:\WINDOWS\SYSTEM32\kernel.appcore.dll
0x00007ffbf16d0000 - 0x00007ffbf16da000 	C:\Program Files\Java\jdk-17.0.1\bin\jimage.dll
0x00007ffbf4040000 - 0x00007ffbf4224000 	C:\WINDOWS\SYSTEM32\DBGHELP.DLL
0x00007ffbdc720000 - 0x00007ffbdc74c000 	C:\WINDOWS\SYSTEM32\dbgcore.DLL
0x00007ffbf6ab0000 - 0x00007ffbf6b32000 	C:\WINDOWS\System32\bcryptPrimitives.dll
0x00007ffbf07e0000 - 0x00007ffbf07ee000 	C:\Program Files\Java\jdk-17.0.1\bin\instrument.dll
0x00007ffbf16a0000 - 0x00007ffbf16c5000 	C:\Program Files\Java\jdk-17.0.1\bin\java.dll
0x00007ffbc7360000 - 0x00007ffbc7436000 	C:\Program Files\Java\jdk-17.0.1\bin\svml.dll
0x00007ffbf7c90000 - 0x00007ffbf83d4000 	C:\WINDOWS\System32\SHELL32.dll
0x00007ffbf4330000 - 0x00007ffbf4ac4000 	C:\WINDOWS\SYSTEM32\windows.storage.dll
0x00007ffbf7040000 - 0x00007ffbf7395000 	C:\WINDOWS\System32\combase.dll
0x00007ffbf5cb0000 - 0x00007ffbf5cde000 	C:\WINDOWS\SYSTEM32\Wldp.dll
0x00007ffbf89d0000 - 0x00007ffbf8a7d000 	C:\WINDOWS\System32\SHCORE.dll
0x00007ffbf7c30000 - 0x00007ffbf7c85000 	C:\WINDOWS\System32\shlwapi.dll
0x00007ffbf61a0000 - 0x00007ffbf61bf000 	C:\WINDOWS\SYSTEM32\profapi.dll
0x00007ffbf04a0000 - 0x00007ffbf04b8000 	C:\Program Files\Java\jdk-17.0.1\bin\zip.dll
0x00007ffbf1130000 - 0x00007ffbf1149000 	C:\Program Files\Java\jdk-17.0.1\bin\net.dll
0x00007ffbea0f0000 - 0x00007ffbea1fc000 	C:\WINDOWS\SYSTEM32\WINHTTP.dll
0x00007ffbf59a0000 - 0x00007ffbf5a0a000 	C:\WINDOWS\system32\mswsock.dll
0x00007ffbf04c0000 - 0x00007ffbf04d5000 	C:\Program Files\Java\jdk-17.0.1\bin\nio.dll
0x00007ffbeeb80000 - 0x00007ffbeeb9a000 	C:\Program Files\JetBrains\IntelliJ IDEA 2021.3\bin\breakgen64.dll
0x00007ffbf56d0000 - 0x00007ffbf579b000 	C:\WINDOWS\SYSTEM32\DNSAPI.dll
0x00007ffbf5690000 - 0x00007ffbf56cb000 	C:\WINDOWS\SYSTEM32\IPHLPAPI.DLL
0x00007ffbf7c20000 - 0x00007ffbf7c28000 	C:\WINDOWS\System32\NSI.dll
0x00007ffbed700000 - 0x00007ffbed70a000 	C:\Windows\System32\rasadhlp.dll
0x00007ffbebaa0000 - 0x00007ffbebb1f000 	C:\WINDOWS\System32\fwpuclnt.dll
0x00007ffbf69f0000 - 0x00007ffbf6a17000 	C:\WINDOWS\System32\bcrypt.dll
0x00007ffbf0500000 - 0x00007ffbf0509000 	C:\Program Files\Java\jdk-17.0.1\bin\management.dll
0x00007ffbf0490000 - 0x00007ffbf049b000 	C:\Program Files\Java\jdk-17.0.1\bin\management_ext.dll
0x00007ffbf5c00000 - 0x00007ffbf5c18000 	C:\WINDOWS\SYSTEM32\CRYPTSP.dll
0x00007ffbf5320000 - 0x00007ffbf5354000 	C:\WINDOWS\system32\rsaenh.dll
0x00007ffbf6160000 - 0x00007ffbf618e000 	C:\WINDOWS\SYSTEM32\USERENV.dll
0x00007ffbf5c20000 - 0x00007ffbf5c2c000 	C:\WINDOWS\SYSTEM32\CRYPTBASE.dll
0x00007ffbeede0000 - 0x00007ffbeedf7000 	C:\WINDOWS\SYSTEM32\dhcpcsvc6.DLL
0x00007ffbeedc0000 - 0x00007ffbeeddd000 	C:\WINDOWS\SYSTEM32\dhcpcsvc.DLL
0x00007ffbd4ff0000 - 0x00007ffbd5007000 	C:\WINDOWS\system32\napinsp.dll
0x00007ffbd4fd0000 - 0x00007ffbd4feb000 	C:\WINDOWS\system32\pnrpnsp.dll
0x00007ffbd4fb0000 - 0x00007ffbd4fc5000 	C:\WINDOWS\system32\wshbth.dll
0x00007ffbf1680000 - 0x00007ffbf169d000 	C:\WINDOWS\system32\NLAapi.dll
0x00007ffbd4f90000 - 0x00007ffbd4fa2000 	C:\WINDOWS\System32\winrnr.dll

dbghelp: loaded successfully - version: 4.0.5 - missing functions: none
symbol engine: initialized successfully - sym options: 0x614 - pdb path: .;C:\Program Files\Java\jdk-17.0.1\bin;C:\WINDOWS\SYSTEM32;C:\WINDOWS\WinSxS\amd64_microsoft.windows.common-controls_6595b64144ccf1df_6.0.19041.1110_none_60b5254171f9507e;C:\Program Files\Java\jdk-17.0.1\bin\server;C:\Program Files\JetBrains\IntelliJ IDEA 2021.3\bin

VM Arguments:
jvm_args: -XX:TieredStopAtLevel=1 -Xverify:none -Dspring.output.ansi.enabled=always -javaagent:C:\Program Files\JetBrains\IntelliJ IDEA 2021.3\lib\idea_rt.jar=53553:C:\Program Files\JetBrains\IntelliJ IDEA 2021.3\bin -Dcom.sun.management.jmxremote -Dspring.jmx.enabled=true -Dspring.liveBeansView.mbeanDomain -Dspring.application.admin.enabled=true -Dfile.encoding=UTF-8 
java_command: com.vladgoncharov.dtr_sb.DtrSpringBootApplication
java_class_path (initial): C:\Users\Dell\IdeaProjects\dtr_spring_boot\target\classes;C:\Users\Dell\.m2\repository\org\springframework\boot\spring-boot-starter-data-jpa\2.6.2\spring-boot-starter-data-jpa-2.6.2.jar;C:\Users\Dell\.m2\repository\org\springframework\boot\spring-boot-starter-aop\2.6.2\spring-boot-starter-aop-2.6.2.jar;C:\Users\Dell\.m2\repository\org\aspectj\aspectjweaver\1.9.7\aspectjweaver-1.9.7.jar;C:\Users\Dell\.m2\repository\org\springframework\boot\spring-boot-starter-jdbc\2.6.2\spring-boot-starter-jdbc-2.6.2.jar;C:\Users\Dell\.m2\repository\com\zaxxer\HikariCP\4.0.3\HikariCP-4.0.3.jar;C:\Users\Dell\.m2\repository\org\springframework\spring-jdbc\5.3.14\spring-jdbc-5.3.14.jar;C:\Users\Dell\.m2\repository\jakarta\transaction\jakarta.transaction-api\1.3.3\jakarta.transaction-api-1.3.3.jar;C:\Users\Dell\.m2\repository\jakarta\persistence\jakarta.persistence-api\2.2.3\jakarta.persistence-api-2.2.3.jar;C:\Users\Dell\.m2\repository\org\hibernate\hibernate-core\5.6.3.Final\hibernate-core-5.6.3.Final.jar;C:\Users\Dell\.m2\repository\org\jboss\logging\jboss-logging\3.4.2.Final\jboss-logging-3.4.2.Final.jar;C:\Users\Dell\.m2\repository\net\bytebuddy\byte-buddy\1.11.22\byte-buddy-1.11.22.jar;C:\Users\Dell\.m2\repository\antlr\antlr\2.7.7\antlr-2.7.7.jar;C:\Users\Dell\.m2\repository\org\jboss\jandex\2.2.3.Final\jandex-2.2.3.Final.jar;C:\Users\Dell\.m2\repository\com\fasterxml\classmate\1.5.1\classmate-1.5.1.jar;C:\Users\Dell\.m2\repository\org\hibernate\common\hibernate-commons-annotations\5.1.2.Final\hibernate-commons-annotations-5.1.2.Final.jar;C:\Users\Dell\.m2\repository\org\glassfish\jaxb\jaxb-runtime\2.3.5\jaxb-runtime-2.3.5.jar;C:\Users\Dell\.m2\repository\org\glassfish\jaxb\txw2\2.3.5\txw2-2.3.5.jar;C:\Users\Dell\.m2\repository\com\sun\istack\istack-commons-runtime\3.0.12\istack-commons-runtime-3.0.12.jar;C:\Users\Dell\.m2\repository\com\sun\activation\jakarta.activation\1.2.2\jakarta.activation-1.2.2.jar;C:\Users\Dell\.m2\repository\org\springframewor
Launcher Type: SUN_STANDARD

[Global flags]
     intx CICompilerCount                          = 3                                         {product} {ergonomic}
     uint ConcGCThreads                            = 1                                         {product} {ergonomic}
     uint G1ConcRefinementThreads                  = 4                                         {product} {ergonomic}
   size_t G1HeapRegionSize                         = 4194304                                   {product} {ergonomic}
    uintx GCDrainStackTargetSize                   = 64                                        {product} {ergonomic}
   size_t InitialHeapSize                          = 335544320                                 {product} {ergonomic}
     bool ManagementServer                         = true                                      {product} {command line}
   size_t MarkStackSize                            = 4194304                                   {product} {ergonomic}
   size_t MaxHeapSize                              = 5335154688                                {product} {ergonomic}
   size_t MaxNewSize                               = 3200253952                                {product} {ergonomic}
   size_t MinHeapDeltaBytes                        = 4194304                                   {product} {ergonomic}
   size_t MinHeapSize                              = 8388608                                   {product} {ergonomic}
    uintx NonProfiledCodeHeapSize                  = 0                                      {pd product} {ergonomic}
     bool ProfileInterpreter                       = false                                  {pd product} {command line}
    uintx ProfiledCodeHeapSize                     = 0                                      {pd product} {ergonomic}
   size_t SoftMaxHeapSize                          = 5335154688                             {manageable} {ergonomic}
     intx TieredStopAtLevel                        = 1                                         {product} {command line}
     bool UseCompressedClassPointers               = true                           {product lp64_product} {ergonomic}
     bool UseCompressedOops                        = true                           {product lp64_product} {ergonomic}
     bool UseG1GC                                  = true                                      {product} {ergonomic}
     bool UseLargePagesIndividualAllocation        = false                                  {pd product} {ergonomic}

Logging:
Log output configuration:
 #0: stdout all=warning uptime,level,tags
 #1: stderr all=off uptime,level,tags

Environment Variables:
JAVA_HOME=C:\Program Files\Java\jdk-17.0.1
PATH=C:\Program Files\Common Files\Oracle\Java\javapath;C:\Program Files (x86)\Common Files\Intel\Shared Libraries\redist\intel64\compiler;C:\WINDOWS\system32;C:\WINDOWS;C:\WINDOWS\System32\Wbem;C:\WINDOWS\System32\WindowsPowerShell\v1.0\;C:\WINDOWS\System32\OpenSSH\;C:\Program Files\Java\jdk-17.0.1\bin;C:\Program Files\Git\cmd;C:\Program Files\MySQL\MySQL Shell 8.0\bin\;C:\Users\Dell\AppData\Local\Microsoft\WindowsApps;
USERNAME=Dell
OS=Windows_NT
PROCESSOR_IDENTIFIER=Intel64 Family 6 Model 158 Stepping 9, GenuineIntel



---------------  S Y S T E M  ---------------

OS:
 Windows 10 , 64 bit Build 19041 (10.0.19041.1348)
OS uptime: 4 days 2:31 hours

CPU: total 4 (initial active 4) (4 cores per cpu, 1 threads per core) family 6 model 158 stepping 9 microcode 0xb4, cx8, cmov, fxsr, mmx, 3dnowpref, sse, sse2, sse3, ssse3, sse4.1, sse4.2, popcnt, lzcnt, tsc, tscinvbit, avx, avx2, aes, erms, clmul, bmi1, bmi2, adx, fma, vzeroupper, clflush, clflushopt

Memory: 4k page, system-wide physical 20346M (8524M free)
TotalPageFile size 21146M (AvailPageFile size 428M)
current process WorkingSet (physical memory assigned to process): 80M, peak: 80M
current process commit charge ("private bytes"): 417M, peak: 417M

vm_info: Java HotSpot(TM) 64-Bit Server VM (17.0.1+12-LTS-39) for windows-amd64 JRE (17.0.1+12-LTS-39), built on Sep 27 2021 18:41:35 by "mach5one" with MS VC++ 16.8 (VS2019)

END.
