#
# There is insufficient memory for the Java Runtime Environment to continue.
# Native memory allocation (mmap) failed to map 1048576 bytes for G1 virtual space
# Possible reasons:
#   The system is out of physical RAM or swap space
#   The process is running with CompressedOops enabled, and the Java Heap may be blocking the growth of the native heap
# Possible solutions:
#   Reduce memory load on the system
#   Increase physical memory or swap space
#   Check if swap backing store is full
#   Decrease Java heap size (-Xmx/-Xms)
#   Decrease number of Java threads
#   Decrease Java thread stack sizes (-Xss)
#   Set larger code cache with -XX:ReservedCodeCacheSize=
#   JVM is running with Zero Based Compressed Oops mode in which the Java heap is
#     placed in the first 32GB address space. The Java Heap base address is the
#     maximum limit for the native heap growth. Please use -XX:HeapBaseMinAddress
#     to set the Java Heap base and to place the Java Heap above 32GB virtual address.
# This output file may be truncated or incomplete.
#
#  Out of Memory Error (os_windows.cpp:3469), pid=18396, tid=18372
#
# JRE version: Java(TM) SE Runtime Environment (17.0.1+12) (build 17.0.1+12-LTS-39)
# Java VM: Java HotSpot(TM) 64-Bit Server VM (17.0.1+12-LTS-39, mixed mode, emulated-client, sharing, tiered, compressed oops, compressed class ptrs, g1 gc, windows-amd64)
# No core dump will be written. Minidumps are not enabled by default on client versions of Windows
#

---------------  S U M M A R Y ------------

Command Line: -XX:TieredStopAtLevel=1 -Xverify:none -Dspring.output.ansi.enabled=always -javaagent:C:\Program Files\JetBrains\IntelliJ IDEA 2021.3\lib\idea_rt.jar=54922:C:\Program Files\JetBrains\IntelliJ IDEA 2021.3\bin -Dcom.sun.management.jmxremote -Dspring.jmx.enabled=true -Dspring.liveBeansView.mbeanDomain -Dspring.application.admin.enabled=true -Dfile.encoding=UTF-8 com.vladgoncharov.dtr_sb.DtrSpringBootApplication

Host: Intel(R) Core(TM) i5-7300HQ CPU @ 2.50GHz, 4 cores, 19G,  Windows 10 , 64 bit Build 19041 (10.0.19041.1348)
Time: Sat Jan 15 11:14:39 2022 RTZ 2 (s 10 , 64 bit Build 19041 (10.0.19041.1348) elapsed time: 1.974914 seconds (0d 0h 0m 1s)

---------------  T H R E A D  ---------------

Current thread (0x0000027f7e395200):  VMThread "VM Thread" [stack: 0x000000d335800000,0x000000d335900000] [id=18372]

Stack: [0x000000d335800000,0x000000d335900000]
Native frames: (J=compiled Java code, j=interpreted, Vv=VM code, C=native code)
V  [jvm.dll+0x66fa1a]
V  [jvm.dll+0x7ce5a4]
V  [jvm.dll+0x7cfd4e]
V  [jvm.dll+0x7d03b3]
V  [jvm.dll+0x242b05]
V  [jvm.dll+0x66ca39]
V  [jvm.dll+0x661502]
V  [jvm.dll+0x30081b]
V  [jvm.dll+0x307da6]
V  [jvm.dll+0x357a33]
V  [jvm.dll+0x357c4f]
V  [jvm.dll+0x2d7ad8]
V  [jvm.dll+0x2d5da4]
V  [jvm.dll+0x2d53ac]
V  [jvm.dll+0x3287cc]
V  [jvm.dll+0x7d484b]
V  [jvm.dll+0x7d5584]
V  [jvm.dll+0x7d5a9c]
V  [jvm.dll+0x7d5e74]
V  [jvm.dll+0x7d5f40]
V  [jvm.dll+0x77e91a]
V  [jvm.dll+0x66e845]
C  [ucrtbase.dll+0x21bb2]
C  [KERNEL32.DLL+0x17034]
C  [ntdll.dll+0x52651]

VM_Operation (0x000000d3352fdcf0): CollectForMetadataAllocation, mode: safepoint, requested by thread 0x0000027f792998d0


---------------  P R O C E S S  ---------------

Threads class SMR info:
_java_thread_list=0x0000027f7fb282f0, length=17, elements={
0x0000027f792998d0, 0x0000027f7e39ce70, 0x0000027f7e39dce0, 0x0000027f7e3b8540,
0x0000027f7e3b90f0, 0x0000027f7e3bc250, 0x0000027f7e3bcc00, 0x0000027f7e3bde00,
0x0000027f7e3ccf20, 0x0000027f79368420, 0x0000027f793688f0, 0x0000027f7f064fe0,
0x0000027f7f3f5180, 0x0000027f7f408090, 0x0000027f7f536b10, 0x0000027f7f998c60,
0x0000027f7f9af390
}

Java Threads: ( => current thread )
  0x0000027f792998d0 JavaThread "main" [_thread_blocked, id=1332, stack(0x000000d335200000,0x000000d335300000)]
  0x0000027f7e39ce70 JavaThread "Reference Handler" daemon [_thread_blocked, id=15192, stack(0x000000d335900000,0x000000d335a00000)]
  0x0000027f7e39dce0 JavaThread "Finalizer" daemon [_thread_blocked, id=13324, stack(0x000000d335a00000,0x000000d335b00000)]
  0x0000027f7e3b8540 JavaThread "Signal Dispatcher" daemon [_thread_blocked, id=8756, stack(0x000000d335b00000,0x000000d335c00000)]
  0x0000027f7e3b90f0 JavaThread "Attach Listener" daemon [_thread_blocked, id=7916, stack(0x000000d335c00000,0x000000d335d00000)]
  0x0000027f7e3bc250 JavaThread "Service Thread" daemon [_thread_blocked, id=7964, stack(0x000000d335d00000,0x000000d335e00000)]
  0x0000027f7e3bcc00 JavaThread "Monitor Deflation Thread" daemon [_thread_blocked, id=17072, stack(0x000000d335e00000,0x000000d335f00000)]
  0x0000027f7e3bde00 JavaThread "C1 CompilerThread0" daemon [_thread_blocked, id=11560, stack(0x000000d335f00000,0x000000d336000000)]
  0x0000027f7e3ccf20 JavaThread "Sweeper thread" daemon [_thread_blocked, id=10264, stack(0x000000d336000000,0x000000d336100000)]
  0x0000027f79368420 JavaThread "Common-Cleaner" daemon [_thread_blocked, id=12192, stack(0x000000d336100000,0x000000d336200000)]
  0x0000027f793688f0 JavaThread "C1 CompilerThread1" daemon [_thread_blocked, id=4956, stack(0x000000d336200000,0x000000d336300000)]
  0x0000027f7f064fe0 JavaThread "C1 CompilerThread2" daemon [_thread_blocked, id=17352, stack(0x000000d336300000,0x000000d336400000)]
  0x0000027f7f3f5180 JavaThread "Monitor Ctrl-Break" daemon [_thread_in_native, id=13716, stack(0x000000d336400000,0x000000d336500000)]
  0x0000027f7f408090 JavaThread "Notification Thread" daemon [_thread_blocked, id=17468, stack(0x000000d336500000,0x000000d336600000)]
  0x0000027f7f536b10 JavaThread "RMI TCP Accept-0" daemon [_thread_in_native, id=12464, stack(0x000000d336600000,0x000000d336700000)]
  0x0000027f7f998c60 JavaThread "RMI TCP Connection(1)-192.168.56.1" daemon [_thread_in_native, id=10772, stack(0x000000d336c00000,0x000000d336d00000)]
  0x0000027f7f9af390 JavaThread "RMI Scheduler(0)" daemon [_thread_blocked, id=6052, stack(0x000000d336d00000,0x000000d336e00000)]

Other Threads:
=>0x0000027f7e395200 VMThread "VM Thread" [stack: 0x000000d335800000,0x000000d335900000] [id=18372]
  0x0000027f7f546a20 WatcherThread [stack: 0x000000d336700000,0x000000d336800000] [id=7972]
  0x0000027f792ee6d0 GCTaskThread "GC Thread#0" [stack: 0x000000d335300000,0x000000d335400000] [id=3836]
  0x0000027f7f691aa0 GCTaskThread "GC Thread#1" [stack: 0x000000d336800000,0x000000d336900000] [id=10060]
  0x0000027f7f66a740 GCTaskThread "GC Thread#2" [stack: 0x000000d336900000,0x000000d336a00000] [id=10120]
  0x0000027f7f6a9d20 GCTaskThread "GC Thread#3" [stack: 0x000000d336a00000,0x000000d336b00000] [id=2228]
  0x0000027f792f9510 ConcurrentGCThread "G1 Main Marker" [stack: 0x000000d335400000,0x000000d335500000] [id=2856]
  0x0000027f792f9f20 ConcurrentGCThread "G1 Conc#0" [stack: 0x000000d335500000,0x000000d335600000] [id=15700]
  0x0000027f7e270090 ConcurrentGCThread "G1 Refine#0" [stack: 0x000000d335600000,0x000000d335700000] [id=4996]
  0x0000027f7f729c50 ConcurrentGCThread "G1 Refine#1" [stack: 0x000000d336b00000,0x000000d336c00000] [id=6272]
  0x0000027f7e270ab0 ConcurrentGCThread "G1 Service" [stack: 0x000000d335700000,0x000000d335800000] [id=18268]

Threads with active compile tasks:

VM state: at safepoint (normal execution)

VM Mutex/Monitor currently owned by a thread:  ([mutex/lock_event])
[0x0000027f79297130] Threads_lock - owner thread: 0x0000027f7e395200
[0x0000027f792964d0] Heap_lock - owner thread: 0x0000027f792998d0

Heap address: 0x00000006c2000000, size: 5088 MB, Compressed Oops mode: Zero based, Oop shift amount: 3

CDS archive(s) mapped at: [0x0000000800000000-0x0000000800bc0000-0x0000000800bc0000), size 12320768, SharedBaseAddress: 0x0000000800000000, ArchiveRelocationMode: 0.
Compressed class space mapped at: 0x0000000800c00000-0x0000000840c00000, reserved size: 1073741824
Narrow klass base: 0x0000000800000000, Narrow klass shift: 0, Narrow klass range: 0x100000000

GC Precious Log:
 CPUs: 4 total, 4 available
 Memory: 20346M
 Large Page Support: Disabled
 NUMA Support: Disabled
 Compressed Oops: Enabled (Zero based)
 Heap Region Size: 4M
 Heap Min Capacity: 8M
 Heap Initial Capacity: 320M
 Heap Max Capacity: 5088M
 Pre-touch: Disabled
 Parallel Workers: 4
 Concurrent Workers: 1
 Concurrent Refinement Workers: 4
 Periodic GC: Disabled

Heap:
 garbage-first heap   total 327680K, used 13283K [0x00000006c2000000, 0x0000000800000000)
  region size 4096K, 2 young (8192K), 2 survivors (8192K)
 Metaspace       used 21208K, committed 21504K, reserved 1073152K
  class space    used 2930K, committed 3072K, reserved 1048576K

Heap Regions: E=young(eden), S=young(survivor), O=old, HS=humongous(starts), HC=humongous(continues), CS=collection set, F=free, OA=open archive, CA=closed archive, TAMS=top-at-mark-start (previous, next)
|   0|0x00000006c2000000, 0x00000006c2400000, 0x00000006c2400000|100%| O|  |TAMS 0x00000006c2000000, 0x00000006c2400000| Untracked 
|   1|0x00000006c2400000, 0x00000006c26ad800, 0x00000006c2800000| 66%| O|  |TAMS 0x00000006c2400000, 0x00000006c26ad800| Untracked 
|   2|0x00000006c2800000, 0x00000006c2800000, 0x00000006c2c00000|  0%| F|  |TAMS 0x00000006c2800000, 0x00000006c2800000| Untracked 
|   3|0x00000006c2c00000, 0x00000006c2c00000, 0x00000006c3000000|  0%| F|  |TAMS 0x00000006c2c00000, 0x00000006c2c00000| Untracked 
|   4|0x00000006c3000000, 0x00000006c3000000, 0x00000006c3400000|  0%| F|  |TAMS 0x00000006c3000000, 0x00000006c3000000| Untracked 
|   5|0x00000006c3400000, 0x00000006c3400000, 0x00000006c3800000|  0%| F|  |TAMS 0x00000006c3400000, 0x00000006c3400000| Untracked 
|   6|0x00000006c3800000, 0x00000006c3800000, 0x00000006c3c00000|  0%| F|  |TAMS 0x00000006c3800000, 0x00000006c3800000| Untracked 
|   7|0x00000006c3c00000, 0x00000006c3c00000, 0x00000006c4000000|  0%| F|  |TAMS 0x00000006c3c00000, 0x00000006c3c00000| Untracked 
|   8|0x00000006c4000000, 0x00000006c4000000, 0x00000006c4400000|  0%| F|  |TAMS 0x00000006c4000000, 0x00000006c4000000| Untracked 
|   9|0x00000006c4400000, 0x00000006c4400000, 0x00000006c4800000|  0%| F|  |TAMS 0x00000006c4400000, 0x00000006c4400000| Untracked 
|  10|0x00000006c4800000, 0x00000006c4800000, 0x00000006c4c00000|  0%| F|  |TAMS 0x00000006c4800000, 0x00000006c4800000| Untracked 
|  11|0x00000006c4c00000, 0x00000006c4c00000, 0x00000006c5000000|  0%| F|  |TAMS 0x00000006c4c00000, 0x00000006c4c00000| Untracked 
|  12|0x00000006c5000000, 0x00000006c5000000, 0x00000006c5400000|  0%| F|  |TAMS 0x00000006c5000000, 0x00000006c5000000| Untracked 
|  13|0x00000006c5400000, 0x00000006c5400000, 0x00000006c5800000|  0%| F|  |TAMS 0x00000006c5400000, 0x00000006c5400000| Untracked 
|  14|0x00000006c5800000, 0x00000006c5800000, 0x00000006c5c00000|  0%| F|  |TAMS 0x00000006c5800000, 0x00000006c5800000| Untracked 
|  15|0x00000006c5c00000, 0x00000006c5c00000, 0x00000006c6000000|  0%| F|  |TAMS 0x00000006c5c00000, 0x00000006c5c00000| Untracked 
|  16|0x00000006c6000000, 0x00000006c6000000, 0x00000006c6400000|  0%| F|  |TAMS 0x00000006c6000000, 0x00000006c6000000| Untracked 
|  17|0x00000006c6400000, 0x00000006c6400000, 0x00000006c6800000|  0%| F|  |TAMS 0x00000006c6400000, 0x00000006c6400000| Untracked 
|  18|0x00000006c6800000, 0x00000006c6800000, 0x00000006c6c00000|  0%| F|  |TAMS 0x00000006c6800000, 0x00000006c6800000| Untracked 
|  19|0x00000006c6c00000, 0x00000006c6c00000, 0x00000006c7000000|  0%| F|  |TAMS 0x00000006c6c00000, 0x00000006c6c00000| Untracked 
|  20|0x00000006c7000000, 0x00000006c7000000, 0x00000006c7400000|  0%| F|  |TAMS 0x00000006c7000000, 0x00000006c7000000| Untracked 
|  21|0x00000006c7400000, 0x00000006c7400000, 0x00000006c7800000|  0%| F|  |TAMS 0x00000006c7400000, 0x00000006c7400000| Untracked 
|  22|0x00000006c7800000, 0x00000006c7800000, 0x00000006c7c00000|  0%| F|  |TAMS 0x00000006c7800000, 0x00000006c7800000| Untracked 
|  23|0x00000006c7c00000, 0x00000006c7c00000, 0x00000006c8000000|  0%| F|  |TAMS 0x00000006c7c00000, 0x00000006c7c00000| Untracked 
|  24|0x00000006c8000000, 0x00000006c8000000, 0x00000006c8400000|  0%| F|  |TAMS 0x00000006c8000000, 0x00000006c8000000| Untracked 
|  25|0x00000006c8400000, 0x00000006c8400000, 0x00000006c8800000|  0%| F|  |TAMS 0x00000006c8400000, 0x00000006c8400000| Untracked 
|  26|0x00000006c8800000, 0x00000006c8800000, 0x00000006c8c00000|  0%| F|  |TAMS 0x00000006c8800000, 0x00000006c8800000| Untracked 
|  27|0x00000006c8c00000, 0x00000006c8c00000, 0x00000006c9000000|  0%| F|  |TAMS 0x00000006c8c00000, 0x00000006c8c00000| Untracked 
|  28|0x00000006c9000000, 0x00000006c9000000, 0x00000006c9400000|  0%| F|  |TAMS 0x00000006c9000000, 0x00000006c9000000| Untracked 
|  29|0x00000006c9400000, 0x00000006c9400000, 0x00000006c9800000|  0%| F|  |TAMS 0x00000006c9400000, 0x00000006c9400000| Untracked 
|  30|0x00000006c9800000, 0x00000006c9800000, 0x00000006c9c00000|  0%| F|  |TAMS 0x00000006c9800000, 0x00000006c9800000| Untracked 
|  31|0x00000006c9c00000, 0x00000006c9c00000, 0x00000006ca000000|  0%| F|  |TAMS 0x00000006c9c00000, 0x00000006c9c00000| Untracked 
|  32|0x00000006ca000000, 0x00000006ca000000, 0x00000006ca400000|  0%| F|  |TAMS 0x00000006ca000000, 0x00000006ca000000| Untracked 
|  33|0x00000006ca400000, 0x00000006ca400000, 0x00000006ca800000|  0%| F|  |TAMS 0x00000006ca400000, 0x00000006ca400000| Untracked 
|  34|0x00000006ca800000, 0x00000006ca800000, 0x00000006cac00000|  0%| F|  |TAMS 0x00000006ca800000, 0x00000006ca800000| Untracked 
|  35|0x00000006cac00000, 0x00000006cac00000, 0x00000006cb000000|  0%| F|  |TAMS 0x00000006cac00000, 0x00000006cac00000| Untracked 
|  36|0x00000006cb000000, 0x00000006cb000000, 0x00000006cb400000|  0%| F|  |TAMS 0x00000006cb000000, 0x00000006cb000000| Untracked 
|  37|0x00000006cb400000, 0x00000006cb400000, 0x00000006cb800000|  0%| F|  |TAMS 0x00000006cb400000, 0x00000006cb400000| Untracked 
|  38|0x00000006cb800000, 0x00000006cb800000, 0x00000006cbc00000|  0%| F|  |TAMS 0x00000006cb800000, 0x00000006cb800000| Untracked 
|  39|0x00000006cbc00000, 0x00000006cbc00000, 0x00000006cc000000|  0%| F|  |TAMS 0x00000006cbc00000, 0x00000006cbc00000| Untracked 
|  40|0x00000006cc000000, 0x00000006cc000000, 0x00000006cc400000|  0%| F|  |TAMS 0x00000006cc000000, 0x00000006cc000000| Untracked 
|  41|0x00000006cc400000, 0x00000006cc400000, 0x00000006cc800000|  0%| F|  |TAMS 0x00000006cc400000, 0x00000006cc400000| Untracked 
|  42|0x00000006cc800000, 0x00000006cc800000, 0x00000006ccc00000|  0%| F|  |TAMS 0x00000006cc800000, 0x00000006cc800000| Untracked 
|  43|0x00000006ccc00000, 0x00000006ccc00000, 0x00000006cd000000|  0%| F|  |TAMS 0x00000006ccc00000, 0x00000006ccc00000| Untracked 
|  44|0x00000006cd000000, 0x00000006cd000000, 0x00000006cd400000|  0%| F|  |TAMS 0x00000006cd000000, 0x00000006cd000000| Untracked 
|  45|0x00000006cd400000, 0x00000006cd400000, 0x00000006cd800000|  0%| F|  |TAMS 0x00000006cd400000, 0x00000006cd400000| Untracked 
|  46|0x00000006cd800000, 0x00000006cd800000, 0x00000006cdc00000|  0%| F|  |TAMS 0x00000006cd800000, 0x00000006cd800000| Untracked 
|  47|0x00000006cdc00000, 0x00000006cdc00000, 0x00000006ce000000|  0%| F|  |TAMS 0x00000006cdc00000, 0x00000006cdc00000| Untracked 
|  48|0x00000006ce000000, 0x00000006ce000000, 0x00000006ce400000|  0%| F|  |TAMS 0x00000006ce000000, 0x00000006ce000000| Untracked 
|  49|0x00000006ce400000, 0x00000006ce400000, 0x00000006ce800000|  0%| F|  |TAMS 0x00000006ce400000, 0x00000006ce400000| Untracked 
|  50|0x00000006ce800000, 0x00000006ce800000, 0x00000006cec00000|  0%| F|  |TAMS 0x00000006ce800000, 0x00000006ce800000| Untracked 
|  51|0x00000006cec00000, 0x00000006cec00000, 0x00000006cf000000|  0%| F|  |TAMS 0x00000006cec00000, 0x00000006cec00000| Untracked 
|  52|0x00000006cf000000, 0x00000006cf000000, 0x00000006cf400000|  0%| F|  |TAMS 0x00000006cf000000, 0x00000006cf000000| Untracked 
|  53|0x00000006cf400000, 0x00000006cf400000, 0x00000006cf800000|  0%| F|  |TAMS 0x00000006cf400000, 0x00000006cf400000| Untracked 
|  54|0x00000006cf800000, 0x00000006cf800000, 0x00000006cfc00000|  0%| F|  |TAMS 0x00000006cf800000, 0x00000006cf800000| Untracked 
|  55|0x00000006cfc00000, 0x00000006cfc00000, 0x00000006d0000000|  0%| F|  |TAMS 0x00000006cfc00000, 0x00000006cfc00000| Untracked 
|  56|0x00000006d0000000, 0x00000006d0000000, 0x00000006d0400000|  0%| F|  |TAMS 0x00000006d0000000, 0x00000006d0000000| Untracked 
|  57|0x00000006d0400000, 0x00000006d0400000, 0x00000006d0800000|  0%| F|  |TAMS 0x00000006d0400000, 0x00000006d0400000| Untracked 
|  58|0x00000006d0800000, 0x00000006d0800000, 0x00000006d0c00000|  0%| F|  |TAMS 0x00000006d0800000, 0x00000006d0800000| Untracked 
|  59|0x00000006d0c00000, 0x00000006d0c00000, 0x00000006d1000000|  0%| F|  |TAMS 0x00000006d0c00000, 0x00000006d0c00000| Untracked 
|  60|0x00000006d1000000, 0x00000006d1000000, 0x00000006d1400000|  0%| F|  |TAMS 0x00000006d1000000, 0x00000006d1000000| Untracked 
|  61|0x00000006d1400000, 0x00000006d1400000, 0x00000006d1800000|  0%| F|  |TAMS 0x00000006d1400000, 0x00000006d1400000| Untracked 
|  62|0x00000006d1800000, 0x00000006d1800000, 0x00000006d1c00000|  0%| F|  |TAMS 0x00000006d1800000, 0x00000006d1800000| Untracked 
|  63|0x00000006d1c00000, 0x00000006d1c00000, 0x00000006d2000000|  0%| F|  |TAMS 0x00000006d1c00000, 0x00000006d1c00000| Untracked 
|  64|0x00000006d2000000, 0x00000006d2000000, 0x00000006d2400000|  0%| F|  |TAMS 0x00000006d2000000, 0x00000006d2000000| Untracked 
|  65|0x00000006d2400000, 0x00000006d2400000, 0x00000006d2800000|  0%| F|  |TAMS 0x00000006d2400000, 0x00000006d2400000| Untracked 
|  66|0x00000006d2800000, 0x00000006d2800000, 0x00000006d2c00000|  0%| F|  |TAMS 0x00000006d2800000, 0x00000006d2800000| Untracked 
|  67|0x00000006d2c00000, 0x00000006d2c00000, 0x00000006d3000000|  0%| F|  |TAMS 0x00000006d2c00000, 0x00000006d2c00000| Untracked 
|  68|0x00000006d3000000, 0x00000006d324b490, 0x00000006d3400000| 57%| S|CS|TAMS 0x00000006d3000000, 0x00000006d3000000| Complete 
|  69|0x00000006d3400000, 0x00000006d3800000, 0x00000006d3800000|100%| S|CS|TAMS 0x00000006d3400000, 0x00000006d3400000| Complete 
|  70|0x00000006d3800000, 0x00000006d3800000, 0x00000006d3c00000|  0%| F|  |TAMS 0x00000006d3800000, 0x00000006d3800000| Untracked 
|  71|0x00000006d3c00000, 0x00000006d3c00000, 0x00000006d4000000|  0%| F|  |TAMS 0x00000006d3c00000, 0x00000006d3c00000| Untracked 
|  72|0x00000006d4000000, 0x00000006d4000000, 0x00000006d4400000|  0%| F|  |TAMS 0x00000006d4000000, 0x00000006d4000000| Untracked 
|  73|0x00000006d4400000, 0x00000006d4400000, 0x00000006d4800000|  0%| F|  |TAMS 0x00000006d4400000, 0x00000006d4400000| Untracked 
|  74|0x00000006d4800000, 0x00000006d4800000, 0x00000006d4c00000|  0%| F|  |TAMS 0x00000006d4800000, 0x00000006d4800000| Untracked 
|  75|0x00000006d4c00000, 0x00000006d4c00000, 0x00000006d5000000|  0%| F|  |TAMS 0x00000006d4c00000, 0x00000006d4c00000| Untracked 
|  76|0x00000006d5000000, 0x00000006d5000000, 0x00000006d5400000|  0%| F|  |TAMS 0x00000006d5000000, 0x00000006d5000000| Untracked 
|  77|0x00000006d5400000, 0x00000006d5400000, 0x00000006d5800000|  0%| F|  |TAMS 0x00000006d5400000, 0x00000006d5400000| Untracked 
|  78|0x00000006d5800000, 0x00000006d5800000, 0x00000006d5c00000|  0%| F|  |TAMS 0x00000006d5800000, 0x00000006d5800000| Untracked 
|  79|0x00000006d5c00000, 0x00000006d5c00000, 0x00000006d6000000|  0%| F|  |TAMS 0x00000006d5c00000, 0x00000006d5c00000| Untracked 

Card table byte_map: [0x0000027f7cd60000,0x0000027f7d750000] _byte_map_base: 0x0000027f79750000

Marking Bits (Prev, Next): (CMBitMap*) 0x0000027f792eece0, (CMBitMap*) 0x0000027f792eed20
 Prev Bits: [0x0000027f07730000, 0x0000027f0c6b0000)
 Next Bits: [0x0000027f0c6b0000, 0x0000027f11630000)

Polling page: 0x0000027f772a0000

Metaspace:

Usage:
  Non-class:     17.85 MB used.
      Class:      2.86 MB used.
       Both:     20.71 MB used.

Virtual space:
  Non-class space:       24.00 MB reserved,      18.00 MB ( 75%) committed,  3 nodes.
      Class space:        1.00 GB reserved,       3.00 MB ( <1%) committed,  1 nodes.
             Both:        1.02 GB reserved,      21.00 MB (  2%) committed. 

Chunk freelists:
   Non-Class:  1.69 MB
       Class:  1.01 MB
        Both:  2.70 MB

MaxMetaspaceSize: unlimited
CompressedClassSpaceSize: 1.00 GB
Initial GC threshold: 21.00 MB
Current GC threshold: 21.00 MB
CDS: on
MetaspaceReclaimPolicy: balanced
 - commit_granule_bytes: 65536.
 - commit_granule_words: 8192.
 - virtual_space_node_default_size: 1048576.
 - enlarge_chunks_in_place: 1.
 - new_chunks_are_fully_committed: 0.
 - uncommit_free_chunks: 1.
 - use_allocation_guard: 0.
 - handle_deallocations: 1.


Internal statistics:

num_allocs_failed_limit: 3.
num_arena_births: 338.
num_arena_deaths: 0.
num_vsnodes_births: 4.
num_vsnodes_deaths: 0.
num_space_committed: 336.
num_space_uncommitted: 0.
num_chunks_returned_to_freelist: 3.
num_chunks_taken_from_freelist: 1040.
num_chunk_merges: 3.
num_chunk_splits: 687.
num_chunks_enlarged: 479.
num_purges: 0.
num_inconsistent_stats: 0.

CodeCache: size=49152Kb used=7011Kb max_used=7011Kb free=42140Kb
 bounds [0x0000027f79370000, 0x0000027f79a50000, 0x0000027f7c370000]
 total_blobs=3529 nmethods=3043 adapters=411
 compilation: enabled
              stopped_count=0, restarted_count=0
 full_count=0

Compilation events (20 events):
Event: 1.941 Thread 0x0000027f7e3bde00 3035       1       org.springframework.core.annotation.TypeMappedAnnotations$MergedAnnotationFinder::finish (13 bytes)
Event: 1.941 Thread 0x0000027f7e3bde00 nmethod 3035 0x0000027f79a45790 code [0x0000027f79a45920, 0x0000027f79a459f8]
Event: 1.941 Thread 0x0000027f7e3bde00 3036   !   1       jdk.proxy2.$Proxy32::annotationType (29 bytes)
Event: 1.941 Thread 0x0000027f7f064fe0 nmethod 3034 0x0000027f79a45a90 code [0x0000027f79a45c20, 0x0000027f79a45d58]
Event: 1.941 Thread 0x0000027f793688f0 nmethod 3033 0x0000027f79a45e10 code [0x0000027f79a45fa0, 0x0000027f79a461f8]
Event: 1.941 Thread 0x0000027f7e3bde00 nmethod 3036 0x0000027f79a46290 code [0x0000027f79a46440, 0x0000027f79a46618]
Event: 1.941 Thread 0x0000027f7e3bde00 3037       1       org.springframework.core.annotation.TypeMappedAnnotations$IsPresent::doWithAnnotations (10 bytes)
Event: 1.941 Thread 0x0000027f793688f0 3038       1       org.springframework.core.annotation.TypeMappedAnnotations$IsPresent::doWithAnnotations (183 bytes)
Event: 1.942 Thread 0x0000027f7e3bde00 nmethod 3037 0x0000027f79a46790 code [0x0000027f79a46920, 0x0000027f79a46a08]
Event: 1.942 Thread 0x0000027f793688f0 nmethod 3038 0x0000027f79a46a90 code [0x0000027f79a46cc0, 0x0000027f79a471d8]
Event: 1.943 Thread 0x0000027f793688f0 3039       1       org.springframework.beans.BeanMetadataAttributeAccessor::getAttribute (22 bytes)
Event: 1.943 Thread 0x0000027f7f064fe0 3040       1       org.springframework.core.AttributeAccessorSupport::getAttribute (17 bytes)
Event: 1.943 Thread 0x0000027f7f064fe0 nmethod 3040 0x0000027f79a47590 code [0x0000027f79a47740, 0x0000027f79a478b8]
Event: 1.944 Thread 0x0000027f793688f0 nmethod 3039 0x0000027f79a47990 code [0x0000027f79a47b40, 0x0000027f79a47d38]
Event: 1.944 Thread 0x0000027f7f064fe0 3042       1       org.springframework.core.type.classreading.SimpleAnnotationMetadata::getAnnotatedMethods (78 bytes)
Event: 1.944 Thread 0x0000027f7e3bde00 3041       1       org.springframework.beans.factory.support.AbstractBeanDefinition::resolveBeanClass (24 bytes)
Event: 1.944 Thread 0x0000027f793688f0 3043       1       org.springframework.context.annotation.ConfigurationClassBeanDefinitionReader$ConfigurationClassBeanDefinition::getFactoryMethodMetadata (5 bytes)
Event: 1.944 Thread 0x0000027f793688f0 nmethod 3043 0x0000027f79a47e90 code [0x0000027f79a48020, 0x0000027f79a480f8]
Event: 1.944 Thread 0x0000027f7e3bde00 nmethod 3041 0x0000027f79a48190 code [0x0000027f79a48340, 0x0000027f79a485d8]
Event: 1.944 Thread 0x0000027f7f064fe0 nmethod 3042 0x0000027f79a48710 code [0x0000027f79a48900, 0x0000027f79a48c88]

GC Heap History (9 events):
Event: 0.789 GC heap before
{Heap before GC invocations=0 (full 0):
 garbage-first heap   total 327680K, used 12288K [0x00000006c2000000, 0x0000000800000000)
  region size 4096K, 4 young (16384K), 0 survivors (0K)
 Metaspace       used 5339K, committed 5568K, reserved 1056768K
  class space    used 637K, committed 768K, reserved 1048576K
}
Event: 0.797 GC heap after
{Heap after GC invocations=1 (full 0):
 garbage-first heap   total 327680K, used 6638K [0x00000006c2000000, 0x0000000800000000)
  region size 4096K, 1 young (4096K), 1 survivors (4096K)
 Metaspace       used 5339K, committed 5568K, reserved 1056768K
  class space    used 637K, committed 768K, reserved 1048576K
}
Event: 1.022 GC heap before
{Heap before GC invocations=1 (full 0):
 garbage-first heap   total 327680K, used 18926K [0x00000006c2000000, 0x0000000800000000)
  region size 4096K, 4 young (16384K), 1 survivors (4096K)
 Metaspace       used 7952K, committed 8128K, reserved 1056768K
  class space    used 1012K, committed 1088K, reserved 1048576K
}
Event: 1.025 GC heap after
{Heap after GC invocations=2 (full 0):
 garbage-first heap   total 327680K, used 7842K [0x00000006c2000000, 0x0000000800000000)
  region size 4096K, 1 young (4096K), 1 survivors (4096K)
 Metaspace       used 7952K, committed 8128K, reserved 1056768K
  class space    used 1012K, committed 1088K, reserved 1048576K
}
Event: 1.303 GC heap before
{Heap before GC invocations=2 (full 0):
 garbage-first heap   total 327680K, used 28322K [0x00000006c2000000, 0x0000000800000000)
  region size 4096K, 6 young (24576K), 1 survivors (4096K)
 Metaspace       used 12402K, committed 12672K, reserved 1064960K
  class space    used 1670K, committed 1792K, reserved 1048576K
}
Event: 1.307 GC heap after
{Heap after GC invocations=3 (full 0):
 garbage-first heap   total 327680K, used 9418K [0x00000006c2000000, 0x0000000800000000)
  region size 4096K, 1 young (4096K), 1 survivors (4096K)
 Metaspace       used 12402K, committed 12672K, reserved 1064960K
  class space    used 1670K, committed 1792K, reserved 1048576K
}
Event: 1.523 GC heap before
{Heap before GC invocations=3 (full 0):
 garbage-first heap   total 327680K, used 66762K [0x00000006c2000000, 0x0000000800000000)
  region size 4096K, 16 young (65536K), 1 survivors (4096K)
 Metaspace       used 17465K, committed 17728K, reserved 1064960K
  class space    used 2365K, committed 2496K, reserved 1048576K
}
Event: 1.526 GC heap after
{Heap after GC invocations=4 (full 0):
 garbage-first heap   total 327680K, used 11037K [0x00000006c2000000, 0x0000000800000000)
  region size 4096K, 2 young (8192K), 2 survivors (8192K)
 Metaspace       used 17465K, committed 17728K, reserved 1064960K
  class space    used 2365K, committed 2496K, reserved 1048576K
}
Event: 1.946 GC heap before
{Heap before GC invocations=4 (full 0):
 garbage-first heap   total 327680K, used 47901K [0x00000006c2000000, 0x0000000800000000)
  region size 4096K, 12 young (49152K), 2 survivors (8192K)
 Metaspace       used 21208K, committed 21504K, reserved 1073152K
  class space    used 2930K, committed 3072K, reserved 1048576K
}

Deoptimization events (4 events):
Event: 0.859 Thread 0x0000027f792998d0 DEOPT PACKING pc=0x0000027f79648281 sp=0x000000d3352fd6f0
Event: 0.859 Thread 0x0000027f792998d0 DEOPT UNPACKING pc=0x0000027f793c2b43 sp=0x000000d3352fcb48 mode 3
Event: 1.301 Thread 0x0000027f792998d0 DEOPT PACKING pc=0x0000027f7987aa79 sp=0x000000d3352fd220
Event: 1.301 Thread 0x0000027f792998d0 DEOPT UNPACKING pc=0x0000027f793c2b43 sp=0x000000d3352fc700 mode 3

Classes unloaded (0 events):
No events

Classes redefined (0 events):
No events

Internal exceptions (20 events):
Event: 1.375 Thread 0x0000027f792998d0 Exception <a 'java/lang/ClassNotFoundException'{0x00000006d5ae9810}: org/springframework/core/OrderedCustomizer> (0x00000006d5ae9810) 
thrown [t:\workspace\open\src\hotspot\share\classfile\systemDictionary.cpp, line 256]
Event: 1.375 Thread 0x0000027f792998d0 Exception <a 'java/lang/ClassNotFoundException'{0x00000006d5aeee38}: org/springframework/context/ResourceLoaderAwareCustomizer> (0x00000006d5aeee38) 
thrown [t:\workspace\open\src\hotspot\share\classfile\systemDictionary.cpp, line 256]
Event: 1.376 Thread 0x0000027f792998d0 Exception <a 'java/lang/ClassNotFoundException'{0x00000006d5af4558}: org/springframework/beans/factory/AwareCustomizer> (0x00000006d5af4558) 
thrown [t:\workspace\open\src\hotspot\share\classfile\systemDictionary.cpp, line 256]
Event: 1.377 Thread 0x0000027f792998d0 Exception <a 'java/lang/ClassNotFoundException'{0x00000006d5af8c90}: org/springframework/context/ApplicationStartupAwareCustomizer> (0x00000006d5af8c90) 
thrown [t:\workspace\open\src\hotspot\share\classfile\systemDictionary.cpp, line 256]
Event: 1.377 Thread 0x0000027f792998d0 Exception <a 'java/lang/ClassNotFoundException'{0x00000006d5afe638}: org/springframework/beans/factory/AwareCustomizer> (0x00000006d5afe638) 
thrown [t:\workspace\open\src\hotspot\share\classfile\systemDictionary.cpp, line 256]
Event: 1.377 Thread 0x0000027f792998d0 Exception <a 'java/lang/ClassNotFoundException'{0x00000006d5b02e58}: org/springframework/beans/factory/BeanClassLoaderAwareCustomizer> (0x00000006d5b02e58) 
thrown [t:\workspace\open\src\hotspot\share\classfile\systemDictionary.cpp, line 256]
Event: 1.379 Thread 0x0000027f792998d0 Exception <a 'java/lang/ClassNotFoundException'{0x00000006d5b08560}: org/springframework/beans/factory/AwareCustomizer> (0x00000006d5b08560) 
thrown [t:\workspace\open\src\hotspot\share\classfile\systemDictionary.cpp, line 256]
Event: 1.379 Thread 0x0000027f792998d0 Exception <a 'java/lang/ClassNotFoundException'{0x00000006d5b0ca70}: org/springframework/context/EnvironmentAwareCustomizer> (0x00000006d5b0ca70) 
thrown [t:\workspace\open\src\hotspot\share\classfile\systemDictionary.cpp, line 256]
Event: 1.380 Thread 0x0000027f792998d0 Exception <a 'java/lang/ClassNotFoundException'{0x00000006d5b12110}: org/springframework/beans/factory/AwareCustomizer> (0x00000006d5b12110) 
thrown [t:\workspace\open\src\hotspot\share\classfile\systemDictionary.cpp, line 256]
Event: 1.438 Thread 0x0000027f7fa49670 Exception <a 'java/lang/NoSuchMethodError'{0x00000006d5310148}: 'java.lang.Object java.lang.invoke.DirectMethodHandle$Holder.invokeStaticInit(java.lang.Object, java.lang.Object, java.lang.Object)'> (0x00000006d5310148) 
thrown [t:\workspace\open\src\hotspot\share\interpreter\linkResolver.cpp, line 766]
Event: 1.438 Thread 0x0000027f7fa49670 Exception <a 'java/lang/NoSuchMethodError'{0x00000006d5316038}: 'java.lang.Object java.lang.invoke.DirectMethodHandle$Holder.invokeStaticInit(java.lang.Object, java.lang.Object, java.lang.Object, java.lang.Object, java.lang.Object)'> (0x00000006d5316038) 
thrown [t:\workspace\open\src\hotspot\share\interpreter\linkResolver.cpp, line 766]
Event: 1.540 Thread 0x0000027f7fa49670 Exception <a 'java/lang/NoSuchMethodError'{0x00000006d583a700}: 'long java.lang.invoke.DirectMethodHandle$Holder.invokeSpecial(java.lang.Object, java.lang.Object)'> (0x00000006d583a700) 
thrown [t:\workspace\open\src\hotspot\share\interpreter\linkResolver.cpp, line 766]
Event: 1.542 Thread 0x0000027f7fa49670 Exception <a 'java/lang/NoSuchMethodError'{0x00000006d58691e8}: 'long java.lang.invoke.DirectMethodHandle$Holder.invokeStatic(java.lang.Object, java.lang.Object)'> (0x00000006d58691e8) 
thrown [t:\workspace\open\src\hotspot\share\interpreter\linkResolver.cpp, line 766]
Event: 1.543 Thread 0x0000027f7fa49670 Exception <a 'java/lang/NoSuchMethodError'{0x00000006d586c7e8}: 'long java.lang.invoke.DirectMethodHandle$Holder.invokeStaticInit(java.lang.Object, java.lang.Object)'> (0x00000006d586c7e8) 
thrown [t:\workspace\open\src\hotspot\share\interpreter\linkResolver.cpp, line 766]
Event: 1.545 Thread 0x0000027f7fa49670 Exception <a 'java/lang/NoSuchMethodError'{0x00000006d5895af8}: 'long java.lang.invoke.DirectMethodHandle$Holder.invokeInterface(java.lang.Object, java.lang.Object)'> (0x00000006d5895af8) 
thrown [t:\workspace\open\src\hotspot\share\interpreter\linkResolver.cpp, line 766]
Event: 1.545 Thread 0x0000027f7fa49670 Exception <a 'java/lang/IncompatibleClassChangeError'{0x00000006d5899088}: Found class java.lang.Object, but interface was expected> (0x00000006d5899088) 
thrown [t:\workspace\open\src\hotspot\share\interpreter\linkResolver.cpp, line 833]
Event: 1.552 Thread 0x0000027f7fa49670 Exception <a 'java/lang/NoSuchMethodError'{0x00000006d5b905d8}: 'java.lang.Object java.lang.invoke.DirectMethodHandle$Holder.invokeVirtual(java.lang.Object, java.lang.Object, java.lang.Object, java.lang.Object)'> (0x00000006d5b905d8) 
thrown [t:\workspace\open\src\hotspot\share\interpreter\linkResolver.cpp, line 766]
Event: 1.552 Thread 0x0000027f792998d0 Exception <a 'java/lang/IncompatibleClassChangeError'{0x00000006d59f1c30}: Found class java.lang.Object, but interface was expected> (0x00000006d59f1c30) 
thrown [t:\workspace\open\src\hotspot\share\interpreter\linkResolver.cpp, line 833]
Event: 1.570 Thread 0x0000027f792998d0 Exception <a 'java/lang/NoSuchMethodError'{0x00000006d5457668}: 'void java.lang.invoke.DirectMethodHandle$Holder.invokeInterface(java.lang.Object, java.lang.Object, java.lang.Object, java.lang.Object)'> (0x00000006d5457668) 
thrown [t:\workspace\open\src\hotspot\share\interpreter\linkResolver.cpp, line 766]
Event: 1.673 Thread 0x0000027f7f998c60 Exception <a 'java/lang/reflect/InvocationTargetException'{0x00000006d4e09e88}> (0x00000006d4e09e88) 
thrown [t:\workspace\open\src\hotspot\share\runtime\reflection.cpp, line 1121]

VM Operations (20 events):
Event: 1.301 Executing VM operation: HandshakeAllThreads done
Event: 1.303 Executing VM operation: G1CollectForAllocation
Event: 1.307 Executing VM operation: G1CollectForAllocation done
Event: 1.315 Executing VM operation: HandshakeAllThreads
Event: 1.315 Executing VM operation: HandshakeAllThreads done
Event: 1.347 Executing VM operation: HandshakeAllThreads
Event: 1.347 Executing VM operation: HandshakeAllThreads done
Event: 1.387 Executing VM operation: HandshakeAllThreads
Event: 1.387 Executing VM operation: HandshakeAllThreads done
Event: 1.523 Executing VM operation: G1CollectForAllocation
Event: 1.526 Executing VM operation: G1CollectForAllocation done
Event: 1.719 Executing VM operation: HandshakeAllThreads
Event: 1.719 Executing VM operation: HandshakeAllThreads done
Event: 1.758 Executing VM operation: ICBufferFull
Event: 1.759 Executing VM operation: ICBufferFull done
Event: 1.867 Executing VM operation: HandshakeAllThreads
Event: 1.867 Executing VM operation: HandshakeAllThreads done
Event: 1.867 Executing VM operation: HandshakeAllThreads
Event: 1.867 Executing VM operation: HandshakeAllThreads done
Event: 1.946 Executing VM operation: CollectForMetadataAllocation

Events (20 events):
Event: 1.460 loading class java/beans/ConstructorProperties done
Event: 1.468 loading class sun/text/resources/cldr/FormatData_en
Event: 1.469 loading class sun/text/resources/cldr/FormatData_en done
Event: 1.469 loading class sun/text/resources/cldr/FormatData_en_US
Event: 1.469 loading class sun/text/resources/cldr/FormatData_en_US done
Event: 1.478 loading class java/util/concurrent/atomic/AtomicReference
Event: 1.478 loading class java/util/concurrent/atomic/AtomicReference done
Event: 1.496 Thread 0x0000027f14050b30 Thread added: 0x0000027f14050b30
Event: 1.503 loading class javax/naming/ldap/LdapContext
Event: 1.503 loading class javax/naming/directory/DirContext
Event: 1.503 loading class javax/naming/directory/DirContext done
Event: 1.503 loading class javax/naming/ldap/LdapContext done
Event: 1.514 Thread 0x0000027f14050b30 Thread exited: 0x0000027f14050b30
Event: 1.531 loading class java/util/regex/Pattern$Pos
Event: 1.531 loading class java/util/regex/Pattern$Pos done
Event: 1.554 Thread 0x0000027f7fa49670 Thread exited: 0x0000027f7fa49670
Event: 1.671 Thread 0x0000027f141ee2e0 Thread added: 0x0000027f141ee2e0
Event: 1.674 Thread 0x0000027f141ee2e0 Thread exited: 0x0000027f141ee2e0
Event: 1.797 loading class java/lang/TypeNotPresentException
Event: 1.797 loading class java/lang/TypeNotPresentException done


Dynamic libraries:
0x00007ff6d5770000 - 0x00007ff6d5780000 	C:\Program Files\Java\jdk-17.0.1\bin\java.exe
0x00007ffbf8b50000 - 0x00007ffbf8d45000 	C:\WINDOWS\SYSTEM32\ntdll.dll
0x00007ffbf73a0000 - 0x00007ffbf745e000 	C:\WINDOWS\System32\KERNEL32.DLL
0x00007ffbf6720000 - 0x00007ffbf69e8000 	C:\WINDOWS\System32\KERNELBASE.dll
0x00007ffbf6460000 - 0x00007ffbf6560000 	C:\WINDOWS\System32\ucrtbase.dll
0x00007ffbf1780000 - 0x00007ffbf1798000 	C:\Program Files\Java\jdk-17.0.1\bin\jli.dll
0x00007ffbf17a0000 - 0x00007ffbf17ba000 	C:\Program Files\Java\jdk-17.0.1\bin\VCRUNTIME140.dll
0x00007ffbf8590000 - 0x00007ffbf863c000 	C:\WINDOWS\System32\ADVAPI32.dll
0x00007ffbf7610000 - 0x00007ffbf76ae000 	C:\WINDOWS\System32\msvcrt.dll
0x00007ffbf7990000 - 0x00007ffbf7a2b000 	C:\WINDOWS\System32\sechost.dll
0x00007ffbf8460000 - 0x00007ffbf858a000 	C:\WINDOWS\System32\RPCRT4.dll
0x00007ffbf77d0000 - 0x00007ffbf7971000 	C:\WINDOWS\System32\USER32.dll
0x00007ffbf6a80000 - 0x00007ffbf6aa2000 	C:\WINDOWS\System32\win32u.dll
0x00007ffbf8ae0000 - 0x00007ffbf8b0b000 	C:\WINDOWS\System32\GDI32.dll
0x00007ffbf6610000 - 0x00007ffbf671d000 	C:\WINDOWS\System32\gdi32full.dll
0x00007ffbf63c0000 - 0x00007ffbf645d000 	C:\WINDOWS\System32\msvcp_win.dll
0x00007ffbe29e0000 - 0x00007ffbe2c7a000 	C:\WINDOWS\WinSxS\amd64_microsoft.windows.common-controls_6595b64144ccf1df_6.0.19041.1110_none_60b5254171f9507e\COMCTL32.dll
0x00007ffbeedb0000 - 0x00007ffbeedba000 	C:\WINDOWS\SYSTEM32\VERSION.dll
0x00007ffbf7010000 - 0x00007ffbf7040000 	C:\WINDOWS\System32\IMM32.DLL
0x00007ffbf1770000 - 0x00007ffbf177c000 	C:\Program Files\Java\jdk-17.0.1\bin\vcruntime140_1.dll
0x00007ffbdce10000 - 0x00007ffbdce9d000 	C:\Program Files\Java\jdk-17.0.1\bin\msvcp140.dll
0x00007ffb93a00000 - 0x00007ffb945be000 	C:\Program Files\Java\jdk-17.0.1\bin\server\jvm.dll
0x00007ffbf7980000 - 0x00007ffbf7988000 	C:\WINDOWS\System32\PSAPI.DLL
0x00007ffbdf2d0000 - 0x00007ffbdf2d9000 	C:\WINDOWS\SYSTEM32\WSOCK32.dll
0x00007ffbe37e0000 - 0x00007ffbe3807000 	C:\WINDOWS\SYSTEM32\WINMM.dll
0x00007ffbf7bb0000 - 0x00007ffbf7c1b000 	C:\WINDOWS\System32\WS2_32.dll
0x00007ffbf4b30000 - 0x00007ffbf4b42000 	C:\WINDOWS\SYSTEM32\kernel.appcore.dll
0x00007ffbf16d0000 - 0x00007ffbf16da000 	C:\Program Files\Java\jdk-17.0.1\bin\jimage.dll
0x00007ffbf4040000 - 0x00007ffbf4224000 	C:\WINDOWS\SYSTEM32\DBGHELP.DLL
0x00007ffbdc720000 - 0x00007ffbdc74c000 	C:\WINDOWS\SYSTEM32\dbgcore.DLL
0x00007ffbf6ab0000 - 0x00007ffbf6b32000 	C:\WINDOWS\System32\bcryptPrimitives.dll
0x00007ffbf07e0000 - 0x00007ffbf07ee000 	C:\Program Files\Java\jdk-17.0.1\bin\instrument.dll
0x00007ffbf16a0000 - 0x00007ffbf16c5000 	C:\Program Files\Java\jdk-17.0.1\bin\java.dll
0x00007ffbc7360000 - 0x00007ffbc7436000 	C:\Program Files\Java\jdk-17.0.1\bin\svml.dll
0x00007ffbf7c90000 - 0x00007ffbf83d4000 	C:\WINDOWS\System32\SHELL32.dll
0x00007ffbf4330000 - 0x00007ffbf4ac4000 	C:\WINDOWS\SYSTEM32\windows.storage.dll
0x00007ffbf7040000 - 0x00007ffbf7395000 	C:\WINDOWS\System32\combase.dll
0x00007ffbf5cb0000 - 0x00007ffbf5cde000 	C:\WINDOWS\SYSTEM32\Wldp.dll
0x00007ffbf89d0000 - 0x00007ffbf8a7d000 	C:\WINDOWS\System32\SHCORE.dll
0x00007ffbf7c30000 - 0x00007ffbf7c85000 	C:\WINDOWS\System32\shlwapi.dll
0x00007ffbf61a0000 - 0x00007ffbf61bf000 	C:\WINDOWS\SYSTEM32\profapi.dll
0x00007ffbf04a0000 - 0x00007ffbf04b8000 	C:\Program Files\Java\jdk-17.0.1\bin\zip.dll
0x00007ffbf1130000 - 0x00007ffbf1149000 	C:\Program Files\Java\jdk-17.0.1\bin\net.dll
0x00007ffbea0f0000 - 0x00007ffbea1fc000 	C:\WINDOWS\SYSTEM32\WINHTTP.dll
0x00007ffbf59a0000 - 0x00007ffbf5a0a000 	C:\WINDOWS\system32\mswsock.dll
0x00007ffbf04c0000 - 0x00007ffbf04d5000 	C:\Program Files\Java\jdk-17.0.1\bin\nio.dll
0x00007ffbeeb80000 - 0x00007ffbeeb9a000 	C:\Program Files\JetBrains\IntelliJ IDEA 2021.3\bin\breakgen64.dll
0x00007ffbf56d0000 - 0x00007ffbf579b000 	C:\WINDOWS\SYSTEM32\DNSAPI.dll
0x00007ffbf5690000 - 0x00007ffbf56cb000 	C:\WINDOWS\SYSTEM32\IPHLPAPI.DLL
0x00007ffbf7c20000 - 0x00007ffbf7c28000 	C:\WINDOWS\System32\NSI.dll
0x00007ffbed700000 - 0x00007ffbed70a000 	C:\Windows\System32\rasadhlp.dll
0x00007ffbebaa0000 - 0x00007ffbebb1f000 	C:\WINDOWS\System32\fwpuclnt.dll
0x00007ffbf69f0000 - 0x00007ffbf6a17000 	C:\WINDOWS\System32\bcrypt.dll
0x00007ffbf0500000 - 0x00007ffbf0509000 	C:\Program Files\Java\jdk-17.0.1\bin\management.dll
0x00007ffbf0490000 - 0x00007ffbf049b000 	C:\Program Files\Java\jdk-17.0.1\bin\management_ext.dll
0x00007ffbf5c00000 - 0x00007ffbf5c18000 	C:\WINDOWS\SYSTEM32\CRYPTSP.dll
0x00007ffbf5320000 - 0x00007ffbf5354000 	C:\WINDOWS\system32\rsaenh.dll
0x00007ffbf6160000 - 0x00007ffbf618e000 	C:\WINDOWS\SYSTEM32\USERENV.dll
0x00007ffbf5c20000 - 0x00007ffbf5c2c000 	C:\WINDOWS\SYSTEM32\CRYPTBASE.dll
0x00007ffbeede0000 - 0x00007ffbeedf7000 	C:\WINDOWS\SYSTEM32\dhcpcsvc6.DLL
0x00007ffbeedc0000 - 0x00007ffbeeddd000 	C:\WINDOWS\SYSTEM32\dhcpcsvc.DLL
0x00007ffbd4ff0000 - 0x00007ffbd5007000 	C:\WINDOWS\system32\napinsp.dll
0x00007ffbd4fd0000 - 0x00007ffbd4feb000 	C:\WINDOWS\system32\pnrpnsp.dll
0x00007ffbd4fb0000 - 0x00007ffbd4fc5000 	C:\WINDOWS\system32\wshbth.dll
0x00007ffbf1680000 - 0x00007ffbf169d000 	C:\WINDOWS\system32\NLAapi.dll
0x00007ffbd4f90000 - 0x00007ffbd4fa2000 	C:\WINDOWS\System32\winrnr.dll

dbghelp: loaded successfully - version: 4.0.5 - missing functions: none
symbol engine: initialized successfully - sym options: 0x614 - pdb path: .;C:\Program Files\Java\jdk-17.0.1\bin;C:\WINDOWS\SYSTEM32;C:\WINDOWS\WinSxS\amd64_microsoft.windows.common-controls_6595b64144ccf1df_6.0.19041.1110_none_60b5254171f9507e;C:\Program Files\Java\jdk-17.0.1\bin\server;C:\Program Files\JetBrains\IntelliJ IDEA 2021.3\bin

VM Arguments:
jvm_args: -XX:TieredStopAtLevel=1 -Xverify:none -Dspring.output.ansi.enabled=always -javaagent:C:\Program Files\JetBrains\IntelliJ IDEA 2021.3\lib\idea_rt.jar=54922:C:\Program Files\JetBrains\IntelliJ IDEA 2021.3\bin -Dcom.sun.management.jmxremote -Dspring.jmx.enabled=true -Dspring.liveBeansView.mbeanDomain -Dspring.application.admin.enabled=true -Dfile.encoding=UTF-8 
java_command: com.vladgoncharov.dtr_sb.DtrSpringBootApplication
java_class_path (initial): C:\Users\Dell\IdeaProjects\dtr_spring_boot\target\classes;C:\Users\Dell\.m2\repository\org\springframework\boot\spring-boot-starter-data-jpa\2.6.2\spring-boot-starter-data-jpa-2.6.2.jar;C:\Users\Dell\.m2\repository\org\springframework\boot\spring-boot-starter-aop\2.6.2\spring-boot-starter-aop-2.6.2.jar;C:\Users\Dell\.m2\repository\org\aspectj\aspectjweaver\1.9.7\aspectjweaver-1.9.7.jar;C:\Users\Dell\.m2\repository\org\springframework\boot\spring-boot-starter-jdbc\2.6.2\spring-boot-starter-jdbc-2.6.2.jar;C:\Users\Dell\.m2\repository\com\zaxxer\HikariCP\4.0.3\HikariCP-4.0.3.jar;C:\Users\Dell\.m2\repository\org\springframework\spring-jdbc\5.3.14\spring-jdbc-5.3.14.jar;C:\Users\Dell\.m2\repository\jakarta\transaction\jakarta.transaction-api\1.3.3\jakarta.transaction-api-1.3.3.jar;C:\Users\Dell\.m2\repository\jakarta\persistence\jakarta.persistence-api\2.2.3\jakarta.persistence-api-2.2.3.jar;C:\Users\Dell\.m2\repository\org\hibernate\hibernate-core\5.6.3.Final\hibernate-core-5.6.3.Final.jar;C:\Users\Dell\.m2\repository\org\jboss\logging\jboss-logging\3.4.2.Final\jboss-logging-3.4.2.Final.jar;C:\Users\Dell\.m2\repository\net\bytebuddy\byte-buddy\1.11.22\byte-buddy-1.11.22.jar;C:\Users\Dell\.m2\repository\antlr\antlr\2.7.7\antlr-2.7.7.jar;C:\Users\Dell\.m2\repository\org\jboss\jandex\2.2.3.Final\jandex-2.2.3.Final.jar;C:\Users\Dell\.m2\repository\com\fasterxml\classmate\1.5.1\classmate-1.5.1.jar;C:\Users\Dell\.m2\repository\org\hibernate\common\hibernate-commons-annotations\5.1.2.Final\hibernate-commons-annotations-5.1.2.Final.jar;C:\Users\Dell\.m2\repository\org\glassfish\jaxb\jaxb-runtime\2.3.5\jaxb-runtime-2.3.5.jar;C:\Users\Dell\.m2\repository\org\glassfish\jaxb\txw2\2.3.5\txw2-2.3.5.jar;C:\Users\Dell\.m2\repository\com\sun\istack\istack-commons-runtime\3.0.12\istack-commons-runtime-3.0.12.jar;C:\Users\Dell\.m2\repository\com\sun\activation\jakarta.activation\1.2.2\jakarta.activation-1.2.2.jar;C:\Users\Dell\.m2\repository\org\springframewor
Launcher Type: SUN_STANDARD

[Global flags]
     intx CICompilerCount                          = 3                                         {product} {ergonomic}
     uint ConcGCThreads                            = 1                                         {product} {ergonomic}
     uint G1ConcRefinementThreads                  = 4                                         {product} {ergonomic}
   size_t G1HeapRegionSize                         = 4194304                                   {product} {ergonomic}
    uintx GCDrainStackTargetSize                   = 64                                        {product} {ergonomic}
   size_t InitialHeapSize                          = 335544320                                 {product} {ergonomic}
     bool ManagementServer                         = true                                      {product} {command line}
   size_t MarkStackSize                            = 4194304                                   {product} {ergonomic}
   size_t MaxHeapSize                              = 5335154688                                {product} {ergonomic}
   size_t MaxNewSize                               = 3200253952                                {product} {ergonomic}
   size_t MinHeapDeltaBytes                        = 4194304                                   {product} {ergonomic}
   size_t MinHeapSize                              = 8388608                                   {product} {ergonomic}
    uintx NonProfiledCodeHeapSize                  = 0                                      {pd product} {ergonomic}
     bool ProfileInterpreter                       = false                                  {pd product} {command line}
    uintx ProfiledCodeHeapSize                     = 0                                      {pd product} {ergonomic}
   size_t SoftMaxHeapSize                          = 5335154688                             {manageable} {ergonomic}
     intx TieredStopAtLevel                        = 1                                         {product} {command line}
     bool UseCompressedClassPointers               = true                           {product lp64_product} {ergonomic}
     bool UseCompressedOops                        = true                           {product lp64_product} {ergonomic}
     bool UseG1GC                                  = true                                      {product} {ergonomic}
     bool UseLargePagesIndividualAllocation        = false                                  {pd product} {ergonomic}

Logging:
Log output configuration:
 #0: stdout all=warning uptime,level,tags
 #1: stderr all=off uptime,level,tags

Environment Variables:
JAVA_HOME=C:\Program Files\Java\jdk-17.0.1
PATH=C:\Program Files\Common Files\Oracle\Java\javapath;C:\Program Files (x86)\Common Files\Intel\Shared Libraries\redist\intel64\compiler;C:\WINDOWS\system32;C:\WINDOWS;C:\WINDOWS\System32\Wbem;C:\WINDOWS\System32\WindowsPowerShell\v1.0\;C:\WINDOWS\System32\OpenSSH\;C:\Program Files\Java\jdk-17.0.1\bin;C:\Program Files\Git\cmd;C:\Program Files\MySQL\MySQL Shell 8.0\bin\;C:\Users\Dell\AppData\Local\Microsoft\WindowsApps;
USERNAME=Dell
OS=Windows_NT
PROCESSOR_IDENTIFIER=Intel64 Family 6 Model 158 Stepping 9, GenuineIntel



---------------  S Y S T E M  ---------------

OS:
 Windows 10 , 64 bit Build 19041 (10.0.19041.1348)
OS uptime: 4 days 2:26 hours

CPU: total 4 (initial active 4) (4 cores per cpu, 1 threads per core) family 6 model 158 stepping 9 microcode 0xb4, cx8, cmov, fxsr, mmx, 3dnowpref, sse, sse2, sse3, ssse3, sse4.1, sse4.2, popcnt, lzcnt, tsc, tscinvbit, avx, avx2, aes, erms, clmul, bmi1, bmi2, adx, fma, vzeroupper, clflush, clflushopt

Memory: 4k page, system-wide physical 20346M (8414M free)
TotalPageFile size 21146M (AvailPageFile size 5M)
current process WorkingSet (physical memory assigned to process): 149M, peak: 149M
current process commit charge ("private bytes"): 502M, peak: 503M

vm_info: Java HotSpot(TM) 64-Bit Server VM (17.0.1+12-LTS-39) for windows-amd64 JRE (17.0.1+12-LTS-39), built on Sep 27 2021 18:41:35 by "mach5one" with MS VC++ 16.8 (VS2019)

END.
