#
# There is insufficient memory for the Java Runtime Environment to continue.
# Native memory allocation (mmap) failed to map 65536 bytes for Failed to commit metaspace.
# Possible reasons:
#   The system is out of physical RAM or swap space
#   The process is running with CompressedOops enabled, and the Java Heap may be blocking the growth of the native heap
# Possible solutions:
#   Reduce memory load on the system
#   Increase physical memory or swap space
#   Check if swap backing store is full
#   Decrease Java heap size (-Xmx/-Xms)
#   Decrease number of Java threads
#   Decrease Java thread stack sizes (-Xss)
#   Set larger code cache with -XX:ReservedCodeCacheSize=
#   JVM is running with Zero Based Compressed Oops mode in which the Java heap is
#     placed in the first 32GB address space. The Java Heap base address is the
#     maximum limit for the native heap growth. Please use -XX:HeapBaseMinAddress
#     to set the Java Heap base and to place the Java Heap above 32GB virtual address.
# This output file may be truncated or incomplete.
#
#  Out of Memory Error (virtualSpaceNode.cpp:110), pid=5280, tid=13444
#
# JRE version: Java(TM) SE Runtime Environment (17.0.1+12) (build 17.0.1+12-LTS-39)
# Java VM: Java HotSpot(TM) 64-Bit Server VM (17.0.1+12-LTS-39, mixed mode, emulated-client, sharing, tiered, compressed oops, compressed class ptrs, g1 gc, windows-amd64)
# No core dump will be written. Minidumps are not enabled by default on client versions of Windows
#

---------------  S U M M A R Y ------------

Command Line: -XX:TieredStopAtLevel=1 -Xverify:none -Dspring.output.ansi.enabled=always -javaagent:C:\Program Files\JetBrains\IntelliJ IDEA 2021.3\lib\idea_rt.jar=54839:C:\Program Files\JetBrains\IntelliJ IDEA 2021.3\bin -Dcom.sun.management.jmxremote -Dspring.jmx.enabled=true -Dspring.liveBeansView.mbeanDomain -Dspring.application.admin.enabled=true -Dfile.encoding=UTF-8 com.vladgoncharov.dtr_sb.DtrSpringBootApplication

Host: Intel(R) Core(TM) i5-7300HQ CPU @ 2.50GHz, 4 cores, 19G,  Windows 10 , 64 bit Build 19041 (10.0.19041.1348)
Time: Sat Jan 15 11:23:02 2022 RTZ 2 (s 10 , 64 bit Build 19041 (10.0.19041.1348) elapsed time: 0.472629 seconds (0d 0h 0m 0s)

---------------  T H R E A D  ---------------

Current thread (0x00000251d62d99a0):  JavaThread "main" [_thread_in_vm, id=13444, stack(0x000000e033a00000,0x000000e033b00000)]

Stack: [0x000000e033a00000,0x000000e033b00000]
Native frames: (J=compiled Java code, j=interpreted, Vv=VM code, C=native code)
V  [jvm.dll+0x66fa1a]
V  [jvm.dll+0x7ce5a4]
V  [jvm.dll+0x7cfd4e]
V  [jvm.dll+0x7d03b3]
V  [jvm.dll+0x242b05]
V  [jvm.dll+0x7ca54b]
V  [jvm.dll+0x615b76]
V  [jvm.dll+0x615bda]
V  [jvm.dll+0x6183ea]
V  [jvm.dll+0x616516]
V  [jvm.dll+0x2384e0]
V  [jvm.dll+0x1e87ad]
V  [jvm.dll+0x1de1f1]
V  [jvm.dll+0x537690]
V  [jvm.dll+0x1ee9d7]
V  [jvm.dll+0x748afb]
V  [jvm.dll+0x749ea2]
V  [jvm.dll+0x74a1d8]
V  [jvm.dll+0x23ae5e]
V  [jvm.dll+0x23b0af]
V  [jvm.dll+0x5554e8]
V  [jvm.dll+0x558350]
V  [jvm.dll+0x37f027]
V  [jvm.dll+0x37e67f]
C  0x00000251ddaf9222

Java frames: (J=compiled Java code, j=interpreted, Vv=VM code)
j  java.security.MessageDigest.getInstance(Ljava/lang/String;)Ljava/security/MessageDigest;+12 java.base@17.0.1
j  sun.security.provider.SeedGenerator$ThreadedSeedGenerator.<init>()V+24 java.base@17.0.1
j  sun.security.provider.SeedGenerator.<clinit>()V+233 java.base@17.0.1
v  ~StubRoutines::call_stub
j  sun.security.provider.AbstractDrbg$SeederHolder.<clinit>()V+28 java.base@17.0.1
v  ~StubRoutines::call_stub
j  sun.security.provider.AbstractDrbg.getEntropyInput(IIIZ)[B+87 java.base@17.0.1
j  sun.security.provider.AbstractDrbg.getEntropyInput(Z)[B+14 java.base@17.0.1
j  sun.security.provider.AbstractDrbg.instantiateIfNecessary([B)V+16 java.base@17.0.1
j  sun.security.provider.AbstractDrbg.engineNextBytes([BLjava/security/SecureRandomParameters;)V+162 java.base@17.0.1
j  sun.security.provider.AbstractDrbg.engineNextBytes([B)V+11 java.base@17.0.1
j  sun.security.provider.DRBG.engineNextBytes([B)V+5 java.base@17.0.1
j  java.security.SecureRandom.nextBytes([B)V+12 java.base@17.0.1
j  java.security.SecureRandom.next(I)I+17 java.base@17.0.1
j  java.util.Random.nextInt()I+3 java.base@17.0.1
j  java.rmi.server.UID.<init>()V+23 java.rmi@17.0.1
j  java.rmi.server.ObjID.<clinit>()V+14 java.rmi@17.0.1
v  ~StubRoutines::call_stub
j  sun.rmi.transport.LiveRef.<init>(ILjava/rmi/server/RMIClientSocketFactory;Ljava/rmi/server/RMIServerSocketFactory;)V+1 java.rmi@17.0.1
j  sun.rmi.server.UnicastServerRef2.<init>(ILjava/rmi/server/RMIClientSocketFactory;Ljava/rmi/server/RMIServerSocketFactory;Ljava/io/ObjectInputFilter;)V+8 java.rmi@17.0.1
j  sun.management.jmxremote.ConnectorBootstrap$PermanentExporter.exportObject(Ljava/rmi/Remote;ILjava/rmi/server/RMIClientSocketFactory;Ljava/rmi/server/RMIServerSocketFactory;Ljava/io/ObjectInputFilter;)Ljava/rmi/Remote;+72 jdk.management.agent@17.0.1
j  javax.management.remote.rmi.RMIJRMPServerImpl.export(Ljava/rmi/Remote;Ljava/io/ObjectInputFilter;)V+62 java.management.rmi@17.0.1
j  javax.management.remote.rmi.RMIJRMPServerImpl.export()V+6 java.management.rmi@17.0.1
j  javax.management.remote.rmi.RMIConnectorServer.start()V+257 java.management.rmi@17.0.1
j  sun.management.jmxremote.ConnectorBootstrap.startLocalConnectorServer()Ljavax/management/remote/JMXConnectorServer;+290 jdk.management.agent@17.0.1
j  jdk.internal.agent.Agent.startLocalManagementAgent()V+13 jdk.management.agent@17.0.1
j  jdk.internal.agent.Agent.startAgent(Ljava/util/Properties;)V+58 jdk.management.agent@17.0.1
j  jdk.internal.agent.Agent.startAgent()V+20 jdk.management.agent@17.0.1
v  ~StubRoutines::call_stub

---------------  P R O C E S S  ---------------

Threads class SMR info:
_java_thread_list=0x00000251ef5f46d0, length=14, elements={
0x00000251d62d99a0, 0x00000251eeb5b100, 0x00000251eeb5be80, 0x00000251eeb73b90,
0x00000251eeb74650, 0x00000251eeb77020, 0x00000251eeb778e0, 0x00000251eeb78250,
0x00000251eeb78b50, 0x00000251ef52d9b0, 0x00000251eeb44dd0, 0x00000251eeb454c0,
0x00000251ef90e930, 0x00000251ef9422e0
}

Java Threads: ( => current thread )
=>0x00000251d62d99a0 JavaThread "main" [_thread_in_vm, id=13444, stack(0x000000e033a00000,0x000000e033b00000)]
  0x00000251eeb5b100 JavaThread "Reference Handler" daemon [_thread_blocked, id=1036, stack(0x000000e034100000,0x000000e034200000)]
  0x00000251eeb5be80 JavaThread "Finalizer" daemon [_thread_blocked, id=7684, stack(0x000000e034200000,0x000000e034300000)]
  0x00000251eeb73b90 JavaThread "Signal Dispatcher" daemon [_thread_blocked, id=4212, stack(0x000000e034300000,0x000000e034400000)]
  0x00000251eeb74650 JavaThread "Attach Listener" daemon [_thread_blocked, id=4476, stack(0x000000e034400000,0x000000e034500000)]
  0x00000251eeb77020 JavaThread "Service Thread" daemon [_thread_blocked, id=13596, stack(0x000000e034500000,0x000000e034600000)]
  0x00000251eeb778e0 JavaThread "Monitor Deflation Thread" daemon [_thread_blocked, id=8484, stack(0x000000e034600000,0x000000e034700000)]
  0x00000251eeb78250 JavaThread "C1 CompilerThread0" daemon [_thread_blocked, id=15396, stack(0x000000e034700000,0x000000e034800000)]
  0x00000251eeb78b50 JavaThread "Sweeper thread" daemon [_thread_blocked, id=7680, stack(0x000000e034800000,0x000000e034900000)]
  0x00000251ef52d9b0 JavaThread "Common-Cleaner" daemon [_thread_blocked, id=2752, stack(0x000000e034900000,0x000000e034a00000)]
  0x00000251eeb44dd0 JavaThread "C1 CompilerThread1" daemon [_thread_blocked, id=15660, stack(0x000000e034a00000,0x000000e034b00000)]
  0x00000251eeb454c0 JavaThread "C1 CompilerThread2" daemon [_thread_blocked, id=18244, stack(0x000000e034b00000,0x000000e034c00000)]
  0x00000251ef90e930 JavaThread "Monitor Ctrl-Break" daemon [_thread_in_native, id=796, stack(0x000000e034c00000,0x000000e034d00000)]
  0x00000251ef9422e0 JavaThread "Notification Thread" daemon [_thread_blocked, id=18224, stack(0x000000e034d00000,0x000000e034e00000)]

Other Threads:
  0x00000251eeb51f80 VMThread "VM Thread" [stack: 0x000000e034000000,0x000000e034100000] [id=15952]
  0x00000251d632e7a0 GCTaskThread "GC Thread#0" [stack: 0x000000e033b00000,0x000000e033c00000] [id=14392]
  0x00000251d633a500 ConcurrentGCThread "G1 Main Marker" [stack: 0x000000e033c00000,0x000000e033d00000] [id=8320]
  0x00000251d633ae20 ConcurrentGCThread "G1 Conc#0" [stack: 0x000000e033d00000,0x000000e033e00000] [id=14204]
  0x00000251d63ae140 ConcurrentGCThread "G1 Refine#0" [stack: 0x000000e033e00000,0x000000e033f00000] [id=10468]
  0x00000251d63aea70 ConcurrentGCThread "G1 Service" [stack: 0x000000e033f00000,0x000000e034000000] [id=14368]

Threads with active compile tasks:

VM state: not at safepoint (normal execution)

VM Mutex/Monitor currently owned by a thread:  ([mutex/lock_event])
[0x00000251d62d4ff0] Metaspace_lock - owner thread: 0x00000251d62d99a0

Heap address: 0x00000006c2000000, size: 5088 MB, Compressed Oops mode: Zero based, Oop shift amount: 3

CDS archive(s) mapped at: [0x0000000800000000-0x0000000800bc0000-0x0000000800bc0000), size 12320768, SharedBaseAddress: 0x0000000800000000, ArchiveRelocationMode: 0.
Compressed class space mapped at: 0x0000000800c00000-0x0000000840c00000, reserved size: 1073741824
Narrow klass base: 0x0000000800000000, Narrow klass shift: 0, Narrow klass range: 0x100000000

GC Precious Log:
 CPUs: 4 total, 4 available
 Memory: 20346M
 Large Page Support: Disabled
 NUMA Support: Disabled
 Compressed Oops: Enabled (Zero based)
 Heap Region Size: 4M
 Heap Min Capacity: 8M
 Heap Initial Capacity: 320M
 Heap Max Capacity: 5088M
 Pre-touch: Disabled
 Parallel Workers: 4
 Concurrent Workers: 1
 Concurrent Refinement Workers: 4
 Periodic GC: Disabled

Heap:
 garbage-first heap   total 327680K, used 4096K [0x00000006c2000000, 0x0000000800000000)
  region size 4096K, 3 young (12288K), 0 survivors (0K)
 Metaspace       used 3483K, committed 3648K, reserved 1056768K
  class space    used 420K, committed 512K, reserved 1048576K

Heap Regions: E=young(eden), S=young(survivor), O=old, HS=humongous(starts), HC=humongous(continues), CS=collection set, F=free, OA=open archive, CA=closed archive, TAMS=top-at-mark-start (previous, next)
|   0|0x00000006c2000000, 0x00000006c2000000, 0x00000006c2400000|  0%| F|  |TAMS 0x00000006c2000000, 0x00000006c2000000| Untracked 
|   1|0x00000006c2400000, 0x00000006c2400000, 0x00000006c2800000|  0%| F|  |TAMS 0x00000006c2400000, 0x00000006c2400000| Untracked 
|   2|0x00000006c2800000, 0x00000006c2800000, 0x00000006c2c00000|  0%| F|  |TAMS 0x00000006c2800000, 0x00000006c2800000| Untracked 
|   3|0x00000006c2c00000, 0x00000006c2c00000, 0x00000006c3000000|  0%| F|  |TAMS 0x00000006c2c00000, 0x00000006c2c00000| Untracked 
|   4|0x00000006c3000000, 0x00000006c3000000, 0x00000006c3400000|  0%| F|  |TAMS 0x00000006c3000000, 0x00000006c3000000| Untracked 
|   5|0x00000006c3400000, 0x00000006c3400000, 0x00000006c3800000|  0%| F|  |TAMS 0x00000006c3400000, 0x00000006c3400000| Untracked 
|   6|0x00000006c3800000, 0x00000006c3800000, 0x00000006c3c00000|  0%| F|  |TAMS 0x00000006c3800000, 0x00000006c3800000| Untracked 
|   7|0x00000006c3c00000, 0x00000006c3c00000, 0x00000006c4000000|  0%| F|  |TAMS 0x00000006c3c00000, 0x00000006c3c00000| Untracked 
|   8|0x00000006c4000000, 0x00000006c4000000, 0x00000006c4400000|  0%| F|  |TAMS 0x00000006c4000000, 0x00000006c4000000| Untracked 
|   9|0x00000006c4400000, 0x00000006c4400000, 0x00000006c4800000|  0%| F|  |TAMS 0x00000006c4400000, 0x00000006c4400000| Untracked 
|  10|0x00000006c4800000, 0x00000006c4800000, 0x00000006c4c00000|  0%| F|  |TAMS 0x00000006c4800000, 0x00000006c4800000| Untracked 
|  11|0x00000006c4c00000, 0x00000006c4c00000, 0x00000006c5000000|  0%| F|  |TAMS 0x00000006c4c00000, 0x00000006c4c00000| Untracked 
|  12|0x00000006c5000000, 0x00000006c5000000, 0x00000006c5400000|  0%| F|  |TAMS 0x00000006c5000000, 0x00000006c5000000| Untracked 
|  13|0x00000006c5400000, 0x00000006c5400000, 0x00000006c5800000|  0%| F|  |TAMS 0x00000006c5400000, 0x00000006c5400000| Untracked 
|  14|0x00000006c5800000, 0x00000006c5800000, 0x00000006c5c00000|  0%| F|  |TAMS 0x00000006c5800000, 0x00000006c5800000| Untracked 
|  15|0x00000006c5c00000, 0x00000006c5c00000, 0x00000006c6000000|  0%| F|  |TAMS 0x00000006c5c00000, 0x00000006c5c00000| Untracked 
|  16|0x00000006c6000000, 0x00000006c6000000, 0x00000006c6400000|  0%| F|  |TAMS 0x00000006c6000000, 0x00000006c6000000| Untracked 
|  17|0x00000006c6400000, 0x00000006c6400000, 0x00000006c6800000|  0%| F|  |TAMS 0x00000006c6400000, 0x00000006c6400000| Untracked 
|  18|0x00000006c6800000, 0x00000006c6800000, 0x00000006c6c00000|  0%| F|  |TAMS 0x00000006c6800000, 0x00000006c6800000| Untracked 
|  19|0x00000006c6c00000, 0x00000006c6c00000, 0x00000006c7000000|  0%| F|  |TAMS 0x00000006c6c00000, 0x00000006c6c00000| Untracked 
|  20|0x00000006c7000000, 0x00000006c7000000, 0x00000006c7400000|  0%| F|  |TAMS 0x00000006c7000000, 0x00000006c7000000| Untracked 
|  21|0x00000006c7400000, 0x00000006c7400000, 0x00000006c7800000|  0%| F|  |TAMS 0x00000006c7400000, 0x00000006c7400000| Untracked 
|  22|0x00000006c7800000, 0x00000006c7800000, 0x00000006c7c00000|  0%| F|  |TAMS 0x00000006c7800000, 0x00000006c7800000| Untracked 
|  23|0x00000006c7c00000, 0x00000006c7c00000, 0x00000006c8000000|  0%| F|  |TAMS 0x00000006c7c00000, 0x00000006c7c00000| Untracked 
|  24|0x00000006c8000000, 0x00000006c8000000, 0x00000006c8400000|  0%| F|  |TAMS 0x00000006c8000000, 0x00000006c8000000| Untracked 
|  25|0x00000006c8400000, 0x00000006c8400000, 0x00000006c8800000|  0%| F|  |TAMS 0x00000006c8400000, 0x00000006c8400000| Untracked 
|  26|0x00000006c8800000, 0x00000006c8800000, 0x00000006c8c00000|  0%| F|  |TAMS 0x00000006c8800000, 0x00000006c8800000| Untracked 
|  27|0x00000006c8c00000, 0x00000006c8c00000, 0x00000006c9000000|  0%| F|  |TAMS 0x00000006c8c00000, 0x00000006c8c00000| Untracked 
|  28|0x00000006c9000000, 0x00000006c9000000, 0x00000006c9400000|  0%| F|  |TAMS 0x00000006c9000000, 0x00000006c9000000| Untracked 
|  29|0x00000006c9400000, 0x00000006c9400000, 0x00000006c9800000|  0%| F|  |TAMS 0x00000006c9400000, 0x00000006c9400000| Untracked 
|  30|0x00000006c9800000, 0x00000006c9800000, 0x00000006c9c00000|  0%| F|  |TAMS 0x00000006c9800000, 0x00000006c9800000| Untracked 
|  31|0x00000006c9c00000, 0x00000006c9c00000, 0x00000006ca000000|  0%| F|  |TAMS 0x00000006c9c00000, 0x00000006c9c00000| Untracked 
|  32|0x00000006ca000000, 0x00000006ca000000, 0x00000006ca400000|  0%| F|  |TAMS 0x00000006ca000000, 0x00000006ca000000| Untracked 
|  33|0x00000006ca400000, 0x00000006ca400000, 0x00000006ca800000|  0%| F|  |TAMS 0x00000006ca400000, 0x00000006ca400000| Untracked 
|  34|0x00000006ca800000, 0x00000006ca800000, 0x00000006cac00000|  0%| F|  |TAMS 0x00000006ca800000, 0x00000006ca800000| Untracked 
|  35|0x00000006cac00000, 0x00000006cac00000, 0x00000006cb000000|  0%| F|  |TAMS 0x00000006cac00000, 0x00000006cac00000| Untracked 
|  36|0x00000006cb000000, 0x00000006cb000000, 0x00000006cb400000|  0%| F|  |TAMS 0x00000006cb000000, 0x00000006cb000000| Untracked 
|  37|0x00000006cb400000, 0x00000006cb400000, 0x00000006cb800000|  0%| F|  |TAMS 0x00000006cb400000, 0x00000006cb400000| Untracked 
|  38|0x00000006cb800000, 0x00000006cb800000, 0x00000006cbc00000|  0%| F|  |TAMS 0x00000006cb800000, 0x00000006cb800000| Untracked 
|  39|0x00000006cbc00000, 0x00000006cbc00000, 0x00000006cc000000|  0%| F|  |TAMS 0x00000006cbc00000, 0x00000006cbc00000| Untracked 
|  40|0x00000006cc000000, 0x00000006cc000000, 0x00000006cc400000|  0%| F|  |TAMS 0x00000006cc000000, 0x00000006cc000000| Untracked 
|  41|0x00000006cc400000, 0x00000006cc400000, 0x00000006cc800000|  0%| F|  |TAMS 0x00000006cc400000, 0x00000006cc400000| Untracked 
|  42|0x00000006cc800000, 0x00000006cc800000, 0x00000006ccc00000|  0%| F|  |TAMS 0x00000006cc800000, 0x00000006cc800000| Untracked 
|  43|0x00000006ccc00000, 0x00000006ccc00000, 0x00000006cd000000|  0%| F|  |TAMS 0x00000006ccc00000, 0x00000006ccc00000| Untracked 
|  44|0x00000006cd000000, 0x00000006cd000000, 0x00000006cd400000|  0%| F|  |TAMS 0x00000006cd000000, 0x00000006cd000000| Untracked 
|  45|0x00000006cd400000, 0x00000006cd400000, 0x00000006cd800000|  0%| F|  |TAMS 0x00000006cd400000, 0x00000006cd400000| Untracked 
|  46|0x00000006cd800000, 0x00000006cd800000, 0x00000006cdc00000|  0%| F|  |TAMS 0x00000006cd800000, 0x00000006cd800000| Untracked 
|  47|0x00000006cdc00000, 0x00000006cdc00000, 0x00000006ce000000|  0%| F|  |TAMS 0x00000006cdc00000, 0x00000006cdc00000| Untracked 
|  48|0x00000006ce000000, 0x00000006ce000000, 0x00000006ce400000|  0%| F|  |TAMS 0x00000006ce000000, 0x00000006ce000000| Untracked 
|  49|0x00000006ce400000, 0x00000006ce400000, 0x00000006ce800000|  0%| F|  |TAMS 0x00000006ce400000, 0x00000006ce400000| Untracked 
|  50|0x00000006ce800000, 0x00000006ce800000, 0x00000006cec00000|  0%| F|  |TAMS 0x00000006ce800000, 0x00000006ce800000| Untracked 
|  51|0x00000006cec00000, 0x00000006cec00000, 0x00000006cf000000|  0%| F|  |TAMS 0x00000006cec00000, 0x00000006cec00000| Untracked 
|  52|0x00000006cf000000, 0x00000006cf000000, 0x00000006cf400000|  0%| F|  |TAMS 0x00000006cf000000, 0x00000006cf000000| Untracked 
|  53|0x00000006cf400000, 0x00000006cf400000, 0x00000006cf800000|  0%| F|  |TAMS 0x00000006cf400000, 0x00000006cf400000| Untracked 
|  54|0x00000006cf800000, 0x00000006cf800000, 0x00000006cfc00000|  0%| F|  |TAMS 0x00000006cf800000, 0x00000006cf800000| Untracked 
|  55|0x00000006cfc00000, 0x00000006cfc00000, 0x00000006d0000000|  0%| F|  |TAMS 0x00000006cfc00000, 0x00000006cfc00000| Untracked 
|  56|0x00000006d0000000, 0x00000006d0000000, 0x00000006d0400000|  0%| F|  |TAMS 0x00000006d0000000, 0x00000006d0000000| Untracked 
|  57|0x00000006d0400000, 0x00000006d0400000, 0x00000006d0800000|  0%| F|  |TAMS 0x00000006d0400000, 0x00000006d0400000| Untracked 
|  58|0x00000006d0800000, 0x00000006d0800000, 0x00000006d0c00000|  0%| F|  |TAMS 0x00000006d0800000, 0x00000006d0800000| Untracked 
|  59|0x00000006d0c00000, 0x00000006d0c00000, 0x00000006d1000000|  0%| F|  |TAMS 0x00000006d0c00000, 0x00000006d0c00000| Untracked 
|  60|0x00000006d1000000, 0x00000006d1000000, 0x00000006d1400000|  0%| F|  |TAMS 0x00000006d1000000, 0x00000006d1000000| Untracked 
|  61|0x00000006d1400000, 0x00000006d1400000, 0x00000006d1800000|  0%| F|  |TAMS 0x00000006d1400000, 0x00000006d1400000| Untracked 
|  62|0x00000006d1800000, 0x00000006d1800000, 0x00000006d1c00000|  0%| F|  |TAMS 0x00000006d1800000, 0x00000006d1800000| Untracked 
|  63|0x00000006d1c00000, 0x00000006d1c00000, 0x00000006d2000000|  0%| F|  |TAMS 0x00000006d1c00000, 0x00000006d1c00000| Untracked 
|  64|0x00000006d2000000, 0x00000006d2000000, 0x00000006d2400000|  0%| F|  |TAMS 0x00000006d2000000, 0x00000006d2000000| Untracked 
|  65|0x00000006d2400000, 0x00000006d2400000, 0x00000006d2800000|  0%| F|  |TAMS 0x00000006d2400000, 0x00000006d2400000| Untracked 
|  66|0x00000006d2800000, 0x00000006d2800000, 0x00000006d2c00000|  0%| F|  |TAMS 0x00000006d2800000, 0x00000006d2800000| Untracked 
|  67|0x00000006d2c00000, 0x00000006d2c00000, 0x00000006d3000000|  0%| F|  |TAMS 0x00000006d2c00000, 0x00000006d2c00000| Untracked 
|  68|0x00000006d3000000, 0x00000006d3000000, 0x00000006d3400000|  0%| F|  |TAMS 0x00000006d3000000, 0x00000006d3000000| Untracked 
|  69|0x00000006d3400000, 0x00000006d3400000, 0x00000006d3800000|  0%| F|  |TAMS 0x00000006d3400000, 0x00000006d3400000| Untracked 
|  70|0x00000006d3800000, 0x00000006d3800000, 0x00000006d3c00000|  0%| F|  |TAMS 0x00000006d3800000, 0x00000006d3800000| Untracked 
|  71|0x00000006d3c00000, 0x00000006d3c00000, 0x00000006d4000000|  0%| F|  |TAMS 0x00000006d3c00000, 0x00000006d3c00000| Untracked 
|  72|0x00000006d4000000, 0x00000006d4000000, 0x00000006d4400000|  0%| F|  |TAMS 0x00000006d4000000, 0x00000006d4000000| Untracked 
|  73|0x00000006d4400000, 0x00000006d4400000, 0x00000006d4800000|  0%| F|  |TAMS 0x00000006d4400000, 0x00000006d4400000| Untracked 
|  74|0x00000006d4800000, 0x00000006d4800000, 0x00000006d4c00000|  0%| F|  |TAMS 0x00000006d4800000, 0x00000006d4800000| Untracked 
|  75|0x00000006d4c00000, 0x00000006d4c00000, 0x00000006d5000000|  0%| F|  |TAMS 0x00000006d4c00000, 0x00000006d4c00000| Untracked 
|  76|0x00000006d5000000, 0x00000006d5000000, 0x00000006d5400000|  0%| F|  |TAMS 0x00000006d5000000, 0x00000006d5000000| Untracked 
|  77|0x00000006d5400000, 0x00000006d574e3b0, 0x00000006d5800000| 82%| E|  |TAMS 0x00000006d5400000, 0x00000006d5400000| Complete 
|  78|0x00000006d5800000, 0x00000006d5c00000, 0x00000006d5c00000|100%| E|  |TAMS 0x00000006d5800000, 0x00000006d5800000| Complete 
|  79|0x00000006d5c00000, 0x00000006d6000000, 0x00000006d6000000|100%| E|CS|TAMS 0x00000006d5c00000, 0x00000006d5c00000| Complete 

Card table byte_map: [0x00000251e14d0000,0x00000251e1ec0000] _byte_map_base: 0x00000251ddec0000

Marking Bits (Prev, Next): (CMBitMap*) 0x00000251d632fcd0, (CMBitMap*) 0x00000251d632fd10
 Prev Bits: [0x00000251e28b0000, 0x00000251e7830000)
 Next Bits: [0x00000251e7830000, 0x00000251ec7b0000)

Polling page: 0x00000251d41e0000

Metaspace:

Usage:
  Non-class:      2.99 MB used.
      Class:    420.12 KB used.
       Both:      3.40 MB used.

Virtual space:
  Non-class space:        8.00 MB reserved,       3.06 MB ( 38%) committed,  1 nodes.
      Class space:        1.00 GB reserved,     512.00 KB ( <1%) committed,  1 nodes.
             Both:        1.01 GB reserved,       3.56 MB ( <1%) committed. 

Chunk freelists:
   Non-Class:  3.92 MB
       Class:  3.53 MB
        Both:  7.45 MB

MaxMetaspaceSize: unlimited
CompressedClassSpaceSize: 1.00 GB
Initial GC threshold: 21.00 MB
Current GC threshold: 21.00 MB
CDS: on
MetaspaceReclaimPolicy: balanced
 - commit_granule_bytes: 65536.
 - commit_granule_words: 8192.
 - virtual_space_node_default_size: 1048576.
 - enlarge_chunks_in_place: 1.
 - new_chunks_are_fully_committed: 0.
 - uncommit_free_chunks: 1.
 - use_allocation_guard: 0.
 - handle_deallocations: 1.


Internal statistics:

num_allocs_failed_limit: 0.
num_arena_births: 70.
num_arena_deaths: 0.
num_vsnodes_births: 2.
num_vsnodes_deaths: 0.
num_space_committed: 57.
num_space_uncommitted: 0.
num_chunks_returned_to_freelist: 0.
num_chunks_taken_from_freelist: 80.
num_chunk_merges: 0.
num_chunk_splits: 51.
num_chunks_enlarged: 28.
num_purges: 0.
num_inconsistent_stats: 0.

CodeCache: size=49152Kb used=3179Kb max_used=3179Kb free=45972Kb
 bounds [0x00000251ddae0000, 0x00000251dde00000, 0x00000251e0ae0000]
 total_blobs=1161 nmethods=734 adapters=353
 compilation: enabled
              stopped_count=0, restarted_count=0
 full_count=0

Compilation events (20 events):
Event: 0.453 Thread 0x00000251eeb44dd0  724       1       java.lang.String::toUpperCase (29 bytes)
Event: 0.453 Thread 0x00000251eeb454c0  725       1       java.util.Objects::nonNull (10 bytes)
Event: 0.453 Thread 0x00000251eeb44dd0 nmethod 724 0x00000251dddf4890 code [0x00000251dddf4a40, 0x00000251dddf4b98]
Event: 0.453 Thread 0x00000251eeb454c0 nmethod 725 0x00000251dddf4c10 code [0x00000251dddf4da0, 0x00000251dddf4e58]
Event: 0.453 Thread 0x00000251eeb454c0  726       1       sun.security.util.KnownOIDs::register (349 bytes)
Event: 0.453 Thread 0x00000251eeb78250  727       1       java.util.ArrayList::grow (60 bytes)
Event: 0.454 Thread 0x00000251eeb78250 nmethod 727 0x00000251dddf4f10 code [0x00000251dddf50c0, 0x00000251dddf53f8]
Event: 0.454 Thread 0x00000251eeb78250  728  s    1       java.util.Properties::put (10 bytes)
Event: 0.454 Thread 0x00000251eeb78250 nmethod 728 0x00000251dddf5510 code [0x00000251dddf56a0, 0x00000251dddf5848]
Event: 0.455 Thread 0x00000251eeb44dd0  729       1       java.util.HashMap::entrySet (27 bytes)
Event: 0.455 Thread 0x00000251eeb44dd0 nmethod 729 0x00000251dddf8e90 code [0x00000251dddf9020, 0x00000251dddf9238]
Event: 0.455 Thread 0x00000251eeb454c0 nmethod 726 0x00000251dddf5910 code [0x00000251dddf5ee0, 0x00000251dddf7eb8]
Event: 0.455 Thread 0x00000251eeb78250  730       1       java.util.HashMap$EntrySet::iterator (12 bytes)
Event: 0.455 Thread 0x00000251eeb44dd0  731       1       java.util.HashMap$EntryIterator::<init> (11 bytes)
Event: 0.455 Thread 0x00000251eeb78250 nmethod 730 0x00000251dddf9310 code [0x00000251dddf94a0, 0x00000251dddf9648]
Event: 0.455 Thread 0x00000251eeb44dd0 nmethod 731 0x00000251dddf9710 code [0x00000251dddf98a0, 0x00000251dddf99c8]
Event: 0.456 Thread 0x00000251eeb44dd0  733       1       jdk.internal.org.objectweb.asm.Frame::setLocal (65 bytes)
Event: 0.457 Thread 0x00000251eeb44dd0 nmethod 733 0x00000251dddfa090 code [0x00000251dddfa240, 0x00000251dddfa628]
Event: 0.457 Thread 0x00000251eeb44dd0  734       1       jdk.internal.org.objectweb.asm.Frame::pop (53 bytes)
Event: 0.457 Thread 0x00000251eeb44dd0 nmethod 734 0x00000251dddfa790 code [0x00000251dddfa980, 0x00000251dddfac98]

GC Heap History (0 events):
No events

Deoptimization events (0 events):
No events

Classes unloaded (0 events):
No events

Classes redefined (0 events):
No events

Internal exceptions (8 events):
Event: 0.276 Thread 0x00000251ef90e930 Exception <a 'java/lang/NoSuchMethodError'{0x00000006d5471260}: 'java.lang.Object java.lang.invoke.DirectMethodHandle$Holder.invokeStaticInit(java.lang.Object)'> (0x00000006d5471260) 
thrown [t:\workspace\open\src\hotspot\share\interpreter\linkResolver.cpp, line 766]
Event: 0.289 Thread 0x00000251ef90e930 Exception <a 'java/lang/NoSuchMethodError'{0x00000006d547efb8}: 'void java.lang.invoke.DirectMethodHandle$Holder.invokeStatic(java.lang.Object, java.lang.Object)'> (0x00000006d547efb8) 
thrown [t:\workspace\open\src\hotspot\share\interpreter\linkResolver.cpp, line 766]
Event: 0.343 Thread 0x00000251d62d99a0 Exception <a 'java/lang/NoSuchMethodError'{0x00000006d5460850}: 'int java.lang.invoke.DirectMethodHandle$Holder.invokeInterface(java.lang.Object, java.lang.Object)'> (0x00000006d5460850) 
thrown [t:\workspace\open\src\hotspot\share\interpreter\linkResolver.cpp, line 766]
Event: 0.344 Thread 0x00000251d62d99a0 Exception <a 'java/lang/IncompatibleClassChangeError'{0x00000006d5463e50}: Found class java.lang.Object, but interface was expected> (0x00000006d5463e50) 
thrown [t:\workspace\open\src\hotspot\share\interpreter\linkResolver.cpp, line 833]
Event: 0.388 Thread 0x00000251d62d99a0 Exception <a 'java/lang/NoSuchMethodError'{0x00000006d5581530}: 'int java.lang.invoke.DirectMethodHandle$Holder.invokeSpecial(java.lang.Object, java.lang.Object, java.lang.Object)'> (0x00000006d5581530) 
thrown [t:\workspace\open\src\hotspot\share\interpreter\linkResolver.cpp, line 766]
Event: 0.424 Thread 0x00000251d62d99a0 Exception <a 'java/lang/NoSuchMethodError'{0x00000006d567b3d8}: 'void java.lang.invoke.DirectMethodHandle$Holder.invokeStatic(java.lang.Object, java.lang.Object, java.lang.Object)'> (0x00000006d567b3d8) 
thrown [t:\workspace\open\src\hotspot\share\interpreter\linkResolver.cpp, line 766]
Event: 0.433 Thread 0x00000251d62d99a0 Exception <a 'java/lang/NoSuchMethodError'{0x00000006d56b8048}: 'int java.lang.invoke.DirectMethodHandle$Holder.invokeSpecialIFC(java.lang.Object, java.lang.Object, java.lang.Object)'> (0x00000006d56b8048) 
thrown [t:\workspace\open\src\hotspot\share\interpreter\linkResolver.cpp, line 766]
Event: 0.457 Thread 0x00000251d62d99a0 Exception <a 'java/lang/NoSuchMethodError'{0x00000006d572dd18}: 'java.lang.Object java.lang.invoke.DirectMethodHandle$Holder.invokeStaticInit(java.lang.Object, int, int, int, int)'> (0x00000006d572dd18) 
thrown [t:\workspace\open\src\hotspot\share\interpreter\linkResolver.cpp, line 766]

VM Operations (6 events):
Event: 0.140 Executing VM operation: HandshakeAllThreads
Event: 0.140 Executing VM operation: HandshakeAllThreads done
Event: 0.275 Executing VM operation: HandshakeAllThreads
Event: 0.275 Executing VM operation: HandshakeAllThreads done
Event: 0.446 Executing VM operation: HandshakeAllThreads
Event: 0.446 Executing VM operation: HandshakeAllThreads done

Events (20 events):
Event: 0.456 loading class sun/security/provider/AbstractDrbg done
Event: 0.456 loading class sun/security/provider/AbstractHashDrbg done
Event: 0.456 loading class sun/security/provider/HashDrbg done
Event: 0.456 loading class sun/security/provider/EntropySource
Event: 0.456 loading class sun/security/provider/EntropySource done
Event: 0.457 loading class java/security/DrbgParameters$NextBytes
Event: 0.457 loading class java/security/DrbgParameters$NextBytes done
Event: 0.457 loading class sun/security/provider/AbstractDrbg$SeederHolder
Event: 0.457 loading class sun/security/provider/AbstractDrbg$SeederHolder done
Event: 0.457 loading class sun/security/provider/SeedGenerator
Event: 0.457 loading class sun/security/provider/SeedGenerator done
Event: 0.457 loading class sun/security/provider/NativeSeedGenerator
Event: 0.457 loading class sun/security/provider/NativeSeedGenerator done
Event: 0.461 loading class sun/security/provider/SeedGenerator$ThreadedSeedGenerator
Event: 0.471 loading class sun/security/provider/SeedGenerator$ThreadedSeedGenerator done
Event: 0.471 loading class java/security/MessageDigest
Event: 0.471 loading class java/security/MessageDigestSpi
Event: 0.471 loading class java/security/MessageDigestSpi done
Event: 0.471 loading class java/security/MessageDigest done
Event: 0.471 loading class sun/security/jca/GetInstance


Dynamic libraries:
0x00007ff6d5770000 - 0x00007ff6d5780000 	C:\Program Files\Java\jdk-17.0.1\bin\java.exe
0x00007ffbf8b50000 - 0x00007ffbf8d45000 	C:\WINDOWS\SYSTEM32\ntdll.dll
0x00007ffbf73a0000 - 0x00007ffbf745e000 	C:\WINDOWS\System32\KERNEL32.DLL
0x00007ffbf6720000 - 0x00007ffbf69e8000 	C:\WINDOWS\System32\KERNELBASE.dll
0x00007ffbf6460000 - 0x00007ffbf6560000 	C:\WINDOWS\System32\ucrtbase.dll
0x00007ffbf1780000 - 0x00007ffbf1798000 	C:\Program Files\Java\jdk-17.0.1\bin\jli.dll
0x00007ffbf8590000 - 0x00007ffbf863c000 	C:\WINDOWS\System32\ADVAPI32.dll
0x00007ffbf7610000 - 0x00007ffbf76ae000 	C:\WINDOWS\System32\msvcrt.dll
0x00007ffbf7990000 - 0x00007ffbf7a2b000 	C:\WINDOWS\System32\sechost.dll
0x00007ffbf8460000 - 0x00007ffbf858a000 	C:\WINDOWS\System32\RPCRT4.dll
0x00007ffbf17a0000 - 0x00007ffbf17ba000 	C:\Program Files\Java\jdk-17.0.1\bin\VCRUNTIME140.dll
0x00007ffbf77d0000 - 0x00007ffbf7971000 	C:\WINDOWS\System32\USER32.dll
0x00007ffbf6a80000 - 0x00007ffbf6aa2000 	C:\WINDOWS\System32\win32u.dll
0x00007ffbf8ae0000 - 0x00007ffbf8b0b000 	C:\WINDOWS\System32\GDI32.dll
0x00007ffbf6610000 - 0x00007ffbf671d000 	C:\WINDOWS\System32\gdi32full.dll
0x00007ffbf63c0000 - 0x00007ffbf645d000 	C:\WINDOWS\System32\msvcp_win.dll
0x00007ffbe29e0000 - 0x00007ffbe2c7a000 	C:\WINDOWS\WinSxS\amd64_microsoft.windows.common-controls_6595b64144ccf1df_6.0.19041.1110_none_60b5254171f9507e\COMCTL32.dll
0x00007ffbeedb0000 - 0x00007ffbeedba000 	C:\WINDOWS\SYSTEM32\VERSION.dll
0x00007ffbf7010000 - 0x00007ffbf7040000 	C:\WINDOWS\System32\IMM32.DLL
0x00007ffbf1770000 - 0x00007ffbf177c000 	C:\Program Files\Java\jdk-17.0.1\bin\vcruntime140_1.dll
0x00007ffbdce10000 - 0x00007ffbdce9d000 	C:\Program Files\Java\jdk-17.0.1\bin\msvcp140.dll
0x00007ffb93a00000 - 0x00007ffb945be000 	C:\Program Files\Java\jdk-17.0.1\bin\server\jvm.dll
0x00007ffbf7980000 - 0x00007ffbf7988000 	C:\WINDOWS\System32\PSAPI.DLL
0x00007ffbdf2d0000 - 0x00007ffbdf2d9000 	C:\WINDOWS\SYSTEM32\WSOCK32.dll
0x00007ffbf7bb0000 - 0x00007ffbf7c1b000 	C:\WINDOWS\System32\WS2_32.dll
0x00007ffbe37e0000 - 0x00007ffbe3807000 	C:\WINDOWS\SYSTEM32\WINMM.dll
0x00007ffbf4b30000 - 0x00007ffbf4b42000 	C:\WINDOWS\SYSTEM32\kernel.appcore.dll
0x00007ffbf16d0000 - 0x00007ffbf16da000 	C:\Program Files\Java\jdk-17.0.1\bin\jimage.dll
0x00007ffbf4040000 - 0x00007ffbf4224000 	C:\WINDOWS\SYSTEM32\DBGHELP.DLL
0x00007ffbdc720000 - 0x00007ffbdc74c000 	C:\WINDOWS\SYSTEM32\dbgcore.DLL
0x00007ffbf6ab0000 - 0x00007ffbf6b32000 	C:\WINDOWS\System32\bcryptPrimitives.dll
0x00007ffbf1120000 - 0x00007ffbf112e000 	C:\Program Files\Java\jdk-17.0.1\bin\instrument.dll
0x00007ffbf16a0000 - 0x00007ffbf16c5000 	C:\Program Files\Java\jdk-17.0.1\bin\java.dll
0x00007ffbc7360000 - 0x00007ffbc7436000 	C:\Program Files\Java\jdk-17.0.1\bin\svml.dll
0x00007ffbf7c90000 - 0x00007ffbf83d4000 	C:\WINDOWS\System32\SHELL32.dll
0x00007ffbf4330000 - 0x00007ffbf4ac4000 	C:\WINDOWS\SYSTEM32\windows.storage.dll
0x00007ffbf7040000 - 0x00007ffbf7395000 	C:\WINDOWS\System32\combase.dll
0x00007ffbf5cb0000 - 0x00007ffbf5cde000 	C:\WINDOWS\SYSTEM32\Wldp.dll
0x00007ffbf89d0000 - 0x00007ffbf8a7d000 	C:\WINDOWS\System32\SHCORE.dll
0x00007ffbf7c30000 - 0x00007ffbf7c85000 	C:\WINDOWS\System32\shlwapi.dll
0x00007ffbf61a0000 - 0x00007ffbf61bf000 	C:\WINDOWS\SYSTEM32\profapi.dll
0x00007ffbf04a0000 - 0x00007ffbf04b8000 	C:\Program Files\Java\jdk-17.0.1\bin\zip.dll
0x00007ffbf1130000 - 0x00007ffbf1149000 	C:\Program Files\Java\jdk-17.0.1\bin\net.dll
0x00007ffbea0f0000 - 0x00007ffbea1fc000 	C:\WINDOWS\SYSTEM32\WINHTTP.dll
0x00007ffbf59a0000 - 0x00007ffbf5a0a000 	C:\WINDOWS\system32\mswsock.dll
0x00007ffbf04c0000 - 0x00007ffbf04d5000 	C:\Program Files\Java\jdk-17.0.1\bin\nio.dll
0x00007ffbdcda0000 - 0x00007ffbdcdba000 	C:\Program Files\JetBrains\IntelliJ IDEA 2021.3\bin\breakgen64.dll
0x00007ffbf56d0000 - 0x00007ffbf579b000 	C:\WINDOWS\SYSTEM32\DNSAPI.dll
0x00007ffbf5690000 - 0x00007ffbf56cb000 	C:\WINDOWS\SYSTEM32\IPHLPAPI.DLL
0x00007ffbf7c20000 - 0x00007ffbf7c28000 	C:\WINDOWS\System32\NSI.dll
0x00007ffbed700000 - 0x00007ffbed70a000 	C:\Windows\System32\rasadhlp.dll
0x00007ffbebaa0000 - 0x00007ffbebb1f000 	C:\WINDOWS\System32\fwpuclnt.dll
0x00007ffbf69f0000 - 0x00007ffbf6a17000 	C:\WINDOWS\System32\bcrypt.dll
0x00007ffbf0500000 - 0x00007ffbf0509000 	C:\Program Files\Java\jdk-17.0.1\bin\management.dll
0x00007ffbf0490000 - 0x00007ffbf049b000 	C:\Program Files\Java\jdk-17.0.1\bin\management_ext.dll
0x00007ffbf5c00000 - 0x00007ffbf5c18000 	C:\WINDOWS\SYSTEM32\CRYPTSP.dll
0x00007ffbf5320000 - 0x00007ffbf5354000 	C:\WINDOWS\system32\rsaenh.dll
0x00007ffbf6160000 - 0x00007ffbf618e000 	C:\WINDOWS\SYSTEM32\USERENV.dll

dbghelp: loaded successfully - version: 4.0.5 - missing functions: none
symbol engine: initialized successfully - sym options: 0x614 - pdb path: .;C:\Program Files\Java\jdk-17.0.1\bin;C:\WINDOWS\SYSTEM32;C:\WINDOWS\WinSxS\amd64_microsoft.windows.common-controls_6595b64144ccf1df_6.0.19041.1110_none_60b5254171f9507e;C:\Program Files\Java\jdk-17.0.1\bin\server;C:\Program Files\JetBrains\IntelliJ IDEA 2021.3\bin

VM Arguments:
jvm_args: -XX:TieredStopAtLevel=1 -Xverify:none -Dspring.output.ansi.enabled=always -javaagent:C:\Program Files\JetBrains\IntelliJ IDEA 2021.3\lib\idea_rt.jar=54839:C:\Program Files\JetBrains\IntelliJ IDEA 2021.3\bin -Dcom.sun.management.jmxremote -Dspring.jmx.enabled=true -Dspring.liveBeansView.mbeanDomain -Dspring.application.admin.enabled=true -Dfile.encoding=UTF-8 
java_command: com.vladgoncharov.dtr_sb.DtrSpringBootApplication
java_class_path (initial): C:\Users\Dell\IdeaProjects\dtr_spring_boot\target\classes;C:\Users\Dell\.m2\repository\org\springframework\boot\spring-boot-starter-data-jpa\2.6.2\spring-boot-starter-data-jpa-2.6.2.jar;C:\Users\Dell\.m2\repository\org\springframework\boot\spring-boot-starter-aop\2.6.2\spring-boot-starter-aop-2.6.2.jar;C:\Users\Dell\.m2\repository\org\aspectj\aspectjweaver\1.9.7\aspectjweaver-1.9.7.jar;C:\Users\Dell\.m2\repository\org\springframework\boot\spring-boot-starter-jdbc\2.6.2\spring-boot-starter-jdbc-2.6.2.jar;C:\Users\Dell\.m2\repository\com\zaxxer\HikariCP\4.0.3\HikariCP-4.0.3.jar;C:\Users\Dell\.m2\repository\org\springframework\spring-jdbc\5.3.14\spring-jdbc-5.3.14.jar;C:\Users\Dell\.m2\repository\jakarta\transaction\jakarta.transaction-api\1.3.3\jakarta.transaction-api-1.3.3.jar;C:\Users\Dell\.m2\repository\jakarta\persistence\jakarta.persistence-api\2.2.3\jakarta.persistence-api-2.2.3.jar;C:\Users\Dell\.m2\repository\org\hibernate\hibernate-core\5.6.3.Final\hibernate-core-5.6.3.Final.jar;C:\Users\Dell\.m2\repository\org\jboss\logging\jboss-logging\3.4.2.Final\jboss-logging-3.4.2.Final.jar;C:\Users\Dell\.m2\repository\net\bytebuddy\byte-buddy\1.11.22\byte-buddy-1.11.22.jar;C:\Users\Dell\.m2\repository\antlr\antlr\2.7.7\antlr-2.7.7.jar;C:\Users\Dell\.m2\repository\org\jboss\jandex\2.2.3.Final\jandex-2.2.3.Final.jar;C:\Users\Dell\.m2\repository\com\fasterxml\classmate\1.5.1\classmate-1.5.1.jar;C:\Users\Dell\.m2\repository\org\hibernate\common\hibernate-commons-annotations\5.1.2.Final\hibernate-commons-annotations-5.1.2.Final.jar;C:\Users\Dell\.m2\repository\org\glassfish\jaxb\jaxb-runtime\2.3.5\jaxb-runtime-2.3.5.jar;C:\Users\Dell\.m2\repository\org\glassfish\jaxb\txw2\2.3.5\txw2-2.3.5.jar;C:\Users\Dell\.m2\repository\com\sun\istack\istack-commons-runtime\3.0.12\istack-commons-runtime-3.0.12.jar;C:\Users\Dell\.m2\repository\com\sun\activation\jakarta.activation\1.2.2\jakarta.activation-1.2.2.jar;C:\Users\Dell\.m2\repository\org\springframewor
Launcher Type: SUN_STANDARD

[Global flags]
     intx CICompilerCount                          = 3                                         {product} {ergonomic}
     uint ConcGCThreads                            = 1                                         {product} {ergonomic}
     uint G1ConcRefinementThreads                  = 4                                         {product} {ergonomic}
   size_t G1HeapRegionSize                         = 4194304                                   {product} {ergonomic}
    uintx GCDrainStackTargetSize                   = 64                                        {product} {ergonomic}
   size_t InitialHeapSize                          = 335544320                                 {product} {ergonomic}
     bool ManagementServer                         = true                                      {product} {command line}
   size_t MarkStackSize                            = 4194304                                   {product} {ergonomic}
   size_t MaxHeapSize                              = 5335154688                                {product} {ergonomic}
   size_t MaxNewSize                               = 3200253952                                {product} {ergonomic}
   size_t MinHeapDeltaBytes                        = 4194304                                   {product} {ergonomic}
   size_t MinHeapSize                              = 8388608                                   {product} {ergonomic}
    uintx NonProfiledCodeHeapSize                  = 0                                      {pd product} {ergonomic}
     bool ProfileInterpreter                       = false                                  {pd product} {command line}
    uintx ProfiledCodeHeapSize                     = 0                                      {pd product} {ergonomic}
   size_t SoftMaxHeapSize                          = 5335154688                             {manageable} {ergonomic}
     intx TieredStopAtLevel                        = 1                                         {product} {command line}
     bool UseCompressedClassPointers               = true                           {product lp64_product} {ergonomic}
     bool UseCompressedOops                        = true                           {product lp64_product} {ergonomic}
     bool UseG1GC                                  = true                                      {product} {ergonomic}
     bool UseLargePagesIndividualAllocation        = false                                  {pd product} {ergonomic}

Logging:
Log output configuration:
 #0: stdout all=warning uptime,level,tags
 #1: stderr all=off uptime,level,tags

Environment Variables:
JAVA_HOME=C:\Program Files\Java\jdk-17.0.1
PATH=C:\Program Files\Common Files\Oracle\Java\javapath;C:\Program Files (x86)\Common Files\Intel\Shared Libraries\redist\intel64\compiler;C:\WINDOWS\system32;C:\WINDOWS;C:\WINDOWS\System32\Wbem;C:\WINDOWS\System32\WindowsPowerShell\v1.0\;C:\WINDOWS\System32\OpenSSH\;C:\Program Files\Java\jdk-17.0.1\bin;C:\Program Files\Git\cmd;C:\Program Files\MySQL\MySQL Shell 8.0\bin\;C:\Users\Dell\AppData\Local\Microsoft\WindowsApps;
USERNAME=Dell
OS=Windows_NT
PROCESSOR_IDENTIFIER=Intel64 Family 6 Model 158 Stepping 9, GenuineIntel



---------------  S Y S T E M  ---------------

OS:
 Windows 10 , 64 bit Build 19041 (10.0.19041.1348)
OS uptime: 4 days 2:34 hours

CPU: total 4 (initial active 4) (4 cores per cpu, 1 threads per core) family 6 model 158 stepping 9 microcode 0xb4, cx8, cmov, fxsr, mmx, 3dnowpref, sse, sse2, sse3, ssse3, sse4.1, sse4.2, popcnt, lzcnt, tsc, tscinvbit, avx, avx2, aes, erms, clmul, bmi1, bmi2, adx, fma, vzeroupper, clflush, clflushopt

Memory: 4k page, system-wide physical 20346M (8484M free)
TotalPageFile size 21146M (AvailPageFile size 5M)
current process WorkingSet (physical memory assigned to process): 48M, peak: 48M
current process commit charge ("private bytes"): 404M, peak: 404M

vm_info: Java HotSpot(TM) 64-Bit Server VM (17.0.1+12-LTS-39) for windows-amd64 JRE (17.0.1+12-LTS-39), built on Sep 27 2021 18:41:35 by "mach5one" with MS VC++ 16.8 (VS2019)

END.
